
*** Running vivado
    with args -log main.vds -m64 -product Vivado -mode batch -messageDb vivado.pb -notrace -source main.tcl



****** Vivado v2022.2 (64-bit)
  **** SW Build 3671981 on Fri Oct 14 05:00:03 MDT 2022
  **** IP Build 3669848 on Fri Oct 14 08:30:02 MDT 2022
    ** Copyright 1986-2022 Xilinx, Inc. All Rights Reserved.

source main.tcl -notrace
create_project: Time (s): cpu = 00:00:08 ; elapsed = 00:00:11 . Memory (MB): peak = 1000.996 ; gain = 117.094
Command: read_checkpoint -auto_incremental -incremental C:/Users/rrm21/Desktop/maquinaExpendedora_v1_SABADO2pm/maquinaExpendedora_v1/maquinaExpendedora_v1.srcs/utils_1/imports/synth_1/main.dcp
INFO: [Vivado 12-5825] Read reference checkpoint from C:/Users/rrm21/Desktop/maquinaExpendedora_v1_SABADO2pm/maquinaExpendedora_v1/maquinaExpendedora_v1.srcs/utils_1/imports/synth_1/main.dcp for incremental synthesis
INFO: [Vivado 12-7989] Please ensure there are no constraint changes
Command: synth_design -top main -part xc7a35tcpg236-1
Starting synth_design
Attempting to get a license for feature 'Synthesis' and/or device 'xc7a35t'
INFO: [Common 17-349] Got license for feature 'Synthesis' and/or device 'xc7a35t'
INFO: [Device 21-403] Loading part xc7a35tcpg236-1
INFO: [Designutils 20-5440] No compile time benefit to using incremental synthesis; A full resynthesis will be run
INFO: [Designutils 20-4379] Flow is switching to default flow due to incremental criteria not met. If you would like to alter this behaviour and have the flow terminate instead, please set the following parameter config_implementation {autoIncr.Synth.RejectBehavior Terminate}
INFO: [Synth 8-7079] Multithreading enabled for synth_design using a maximum of 2 processes.
INFO: [Synth 8-7078] Launching helper process for spawning children vivado processes
INFO: [Synth 8-7075] Helper process launched with PID 22596
INFO: [Synth 8-11241] undeclared symbol 'REGCCE', assumed default net type 'wire' [D:/Vivado/2022.2/data/verilog/src/unimacro/BRAM_SINGLE_MACRO.v:2170]
---------------------------------------------------------------------------------
Starting RTL Elaboration : Time (s): cpu = 00:00:08 ; elapsed = 00:00:10 . Memory (MB): peak = 1811.023 ; gain = 408.152
---------------------------------------------------------------------------------
INFO: [Synth 8-638] synthesizing module 'main' [C:/Users/rrm21/Desktop/maquinaExpendedora_v1_SABADO2pm/maquinaExpendedora_v1/maquinaExpendedora_v1.srcs/sources_1/new/main.vhd:25]
	Parameter max_conteo bound to: 10000000 - type: integer 
INFO: [Synth 8-3491] module 'div_freq' declared at 'C:/Users/rrm21/Desktop/maquinaExpendedora_v1_SABADO2pm/maquinaExpendedora_v1/maquinaExpendedora_v1.srcs/sources_1/new/div_freq.vhd:5' bound to instance 'clk_10Hz' of component 'div_freq' [C:/Users/rrm21/Desktop/maquinaExpendedora_v1_SABADO2pm/maquinaExpendedora_v1/maquinaExpendedora_v1.srcs/sources_1/new/main.vhd:183]
INFO: [Synth 8-638] synthesizing module 'div_freq' [C:/Users/rrm21/Desktop/maquinaExpendedora_v1_SABADO2pm/maquinaExpendedora_v1/maquinaExpendedora_v1.srcs/sources_1/new/div_freq.vhd:14]
	Parameter max_conteo bound to: 10000000 - type: integer 
INFO: [Synth 8-256] done synthesizing module 'div_freq' (0#1) [C:/Users/rrm21/Desktop/maquinaExpendedora_v1_SABADO2pm/maquinaExpendedora_v1/maquinaExpendedora_v1.srcs/sources_1/new/div_freq.vhd:14]
	Parameter max_conteo bound to: 100000 - type: integer 
INFO: [Synth 8-3491] module 'div_freq' declared at 'C:/Users/rrm21/Desktop/maquinaExpendedora_v1_SABADO2pm/maquinaExpendedora_v1/maquinaExpendedora_v1.srcs/sources_1/new/div_freq.vhd:5' bound to instance 'clk_1000Hz' of component 'div_freq' [C:/Users/rrm21/Desktop/maquinaExpendedora_v1_SABADO2pm/maquinaExpendedora_v1/maquinaExpendedora_v1.srcs/sources_1/new/main.vhd:192]
INFO: [Synth 8-638] synthesizing module 'div_freq__parameterized1' [C:/Users/rrm21/Desktop/maquinaExpendedora_v1_SABADO2pm/maquinaExpendedora_v1/maquinaExpendedora_v1.srcs/sources_1/new/div_freq.vhd:14]
	Parameter max_conteo bound to: 100000 - type: integer 
INFO: [Synth 8-256] done synthesizing module 'div_freq__parameterized1' (0#1) [C:/Users/rrm21/Desktop/maquinaExpendedora_v1_SABADO2pm/maquinaExpendedora_v1/maquinaExpendedora_v1.srcs/sources_1/new/div_freq.vhd:14]
INFO: [Synth 8-3491] module 'debouncer' declared at 'C:/Users/rrm21/Desktop/maquinaExpendedora_v1_SABADO2pm/maquinaExpendedora_v1/maquinaExpendedora_v1.srcs/sources_1/new/debouncer.vhd:5' bound to instance 'UP_btn' of component 'debouncer' [C:/Users/rrm21/Desktop/maquinaExpendedora_v1_SABADO2pm/maquinaExpendedora_v1/maquinaExpendedora_v1.srcs/sources_1/new/main.vhd:202]
INFO: [Synth 8-638] synthesizing module 'debouncer' [C:/Users/rrm21/Desktop/maquinaExpendedora_v1_SABADO2pm/maquinaExpendedora_v1/maquinaExpendedora_v1.srcs/sources_1/new/debouncer.vhd:14]
	Parameter N bound to: 20 - type: integer 
INFO: [Synth 8-3491] module 'contadorNbits' declared at 'C:/Users/rrm21/Desktop/maquinaExpendedora_v1_SABADO2pm/maquinaExpendedora_v1/maquinaExpendedora_v1.srcs/sources_1/new/contadorNbits.vhd:6' bound to instance 'u0' of component 'contadorNbits' [C:/Users/rrm21/Desktop/maquinaExpendedora_v1_SABADO2pm/maquinaExpendedora_v1/maquinaExpendedora_v1.srcs/sources_1/new/debouncer.vhd:35]
INFO: [Synth 8-638] synthesizing module 'contadorNbits' [C:/Users/rrm21/Desktop/maquinaExpendedora_v1_SABADO2pm/maquinaExpendedora_v1/maquinaExpendedora_v1.srcs/sources_1/new/contadorNbits.vhd:18]
	Parameter N bound to: 20 - type: integer 
INFO: [Synth 8-256] done synthesizing module 'contadorNbits' (0#1) [C:/Users/rrm21/Desktop/maquinaExpendedora_v1_SABADO2pm/maquinaExpendedora_v1/maquinaExpendedora_v1.srcs/sources_1/new/contadorNbits.vhd:18]
INFO: [Synth 8-256] done synthesizing module 'debouncer' (0#1) [C:/Users/rrm21/Desktop/maquinaExpendedora_v1_SABADO2pm/maquinaExpendedora_v1/maquinaExpendedora_v1.srcs/sources_1/new/debouncer.vhd:14]
INFO: [Synth 8-3491] module 'debouncer' declared at 'C:/Users/rrm21/Desktop/maquinaExpendedora_v1_SABADO2pm/maquinaExpendedora_v1/maquinaExpendedora_v1.srcs/sources_1/new/debouncer.vhd:5' bound to instance 'DOP_btn' of component 'debouncer' [C:/Users/rrm21/Desktop/maquinaExpendedora_v1_SABADO2pm/maquinaExpendedora_v1/maquinaExpendedora_v1.srcs/sources_1/new/main.vhd:208]
INFO: [Synth 8-3491] module 'debouncer' declared at 'C:/Users/rrm21/Desktop/maquinaExpendedora_v1_SABADO2pm/maquinaExpendedora_v1/maquinaExpendedora_v1.srcs/sources_1/new/debouncer.vhd:5' bound to instance 'CP_btn' of component 'debouncer' [C:/Users/rrm21/Desktop/maquinaExpendedora_v1_SABADO2pm/maquinaExpendedora_v1/maquinaExpendedora_v1.srcs/sources_1/new/main.vhd:213]
INFO: [Synth 8-3491] module 'debouncer' declared at 'C:/Users/rrm21/Desktop/maquinaExpendedora_v1_SABADO2pm/maquinaExpendedora_v1/maquinaExpendedora_v1.srcs/sources_1/new/debouncer.vhd:5' bound to instance 'DP_btn' of component 'debouncer' [C:/Users/rrm21/Desktop/maquinaExpendedora_v1_SABADO2pm/maquinaExpendedora_v1/maquinaExpendedora_v1.srcs/sources_1/new/main.vhd:218]
INFO: [Synth 8-3491] module 'debouncer' declared at 'C:/Users/rrm21/Desktop/maquinaExpendedora_v1_SABADO2pm/maquinaExpendedora_v1/maquinaExpendedora_v1.srcs/sources_1/new/debouncer.vhd:5' bound to instance 'RST_btn' of component 'debouncer' [C:/Users/rrm21/Desktop/maquinaExpendedora_v1_SABADO2pm/maquinaExpendedora_v1/maquinaExpendedora_v1.srcs/sources_1/new/main.vhd:223]
INFO: [Synth 8-3491] module 'debouncer' declared at 'C:/Users/rrm21/Desktop/maquinaExpendedora_v1_SABADO2pm/maquinaExpendedora_v1/maquinaExpendedora_v1.srcs/sources_1/new/debouncer.vhd:5' bound to instance 'confirmarCompra_btn' of component 'debouncer' [C:/Users/rrm21/Desktop/maquinaExpendedora_v1_SABADO2pm/maquinaExpendedora_v1/maquinaExpendedora_v1.srcs/sources_1/new/main.vhd:228]
INFO: [Synth 8-3491] module 'suma_dinero' declared at 'C:/Users/rrm21/Desktop/maquinaExpendedora_v1_SABADO2pm/maquinaExpendedora_v1/maquinaExpendedora_v1.srcs/sources_1/new/suma_dinero.vhd:5' bound to instance 'sumar_monedas' of component 'suma_dinero' [C:/Users/rrm21/Desktop/maquinaExpendedora_v1_SABADO2pm/maquinaExpendedora_v1/maquinaExpendedora_v1.srcs/sources_1/new/main.vhd:235]
INFO: [Synth 8-638] synthesizing module 'suma_dinero' [C:/Users/rrm21/Desktop/maquinaExpendedora_v1_SABADO2pm/maquinaExpendedora_v1/maquinaExpendedora_v1.srcs/sources_1/new/suma_dinero.vhd:21]
WARNING: [Synth 8-614] signal 'Entregar_dinero' is read in the process but is not in the sensitivity list [C:/Users/rrm21/Desktop/maquinaExpendedora_v1_SABADO2pm/maquinaExpendedora_v1/maquinaExpendedora_v1.srcs/sources_1/new/suma_dinero.vhd:27]
WARNING: [Synth 8-614] signal 'UP_IN' is read in the process but is not in the sensitivity list [C:/Users/rrm21/Desktop/maquinaExpendedora_v1_SABADO2pm/maquinaExpendedora_v1/maquinaExpendedora_v1.srcs/sources_1/new/suma_dinero.vhd:27]
WARNING: [Synth 8-614] signal 'DOP_IN' is read in the process but is not in the sensitivity list [C:/Users/rrm21/Desktop/maquinaExpendedora_v1_SABADO2pm/maquinaExpendedora_v1/maquinaExpendedora_v1.srcs/sources_1/new/suma_dinero.vhd:27]
WARNING: [Synth 8-614] signal 'CP_IN' is read in the process but is not in the sensitivity list [C:/Users/rrm21/Desktop/maquinaExpendedora_v1_SABADO2pm/maquinaExpendedora_v1/maquinaExpendedora_v1.srcs/sources_1/new/suma_dinero.vhd:27]
WARNING: [Synth 8-614] signal 'DP_IN' is read in the process but is not in the sensitivity list [C:/Users/rrm21/Desktop/maquinaExpendedora_v1_SABADO2pm/maquinaExpendedora_v1/maquinaExpendedora_v1.srcs/sources_1/new/suma_dinero.vhd:27]
WARNING: [Synth 8-614] signal 'RST_IN' is read in the process but is not in the sensitivity list [C:/Users/rrm21/Desktop/maquinaExpendedora_v1_SABADO2pm/maquinaExpendedora_v1/maquinaExpendedora_v1.srcs/sources_1/new/suma_dinero.vhd:27]
WARNING: [Synth 8-614] signal 'moneda_act' is read in the process but is not in the sensitivity list [C:/Users/rrm21/Desktop/maquinaExpendedora_v1_SABADO2pm/maquinaExpendedora_v1/maquinaExpendedora_v1.srcs/sources_1/new/suma_dinero.vhd:27]
INFO: [Synth 8-256] done synthesizing module 'suma_dinero' (0#1) [C:/Users/rrm21/Desktop/maquinaExpendedora_v1_SABADO2pm/maquinaExpendedora_v1/maquinaExpendedora_v1.srcs/sources_1/new/suma_dinero.vhd:21]
INFO: [Synth 8-3491] module 'divNum_Uni_Dec' declared at 'C:/Users/rrm21/Desktop/maquinaExpendedora_v1_SABADO2pm/maquinaExpendedora_v1/maquinaExpendedora_v1.srcs/sources_1/new/divNum_Uni_Dec.vhd:5' bound to instance 'DineroIngresado' of component 'divNum_Uni_Dec' [C:/Users/rrm21/Desktop/maquinaExpendedora_v1_SABADO2pm/maquinaExpendedora_v1/maquinaExpendedora_v1.srcs/sources_1/new/main.vhd:249]
INFO: [Synth 8-638] synthesizing module 'divNum_Uni_Dec' [C:/Users/rrm21/Desktop/maquinaExpendedora_v1_SABADO2pm/maquinaExpendedora_v1/maquinaExpendedora_v1.srcs/sources_1/new/divNum_Uni_Dec.vhd:13]
INFO: [Synth 8-3491] module 'bcd7seg_uni' declared at 'C:/Users/rrm21/Desktop/maquinaExpendedora_v1_SABADO2pm/maquinaExpendedora_v1/maquinaExpendedora_v1.srcs/sources_1/new/bcd7seg_uni.vhd:5' bound to instance 'obtener_unidades' of component 'bcd7seg_uni' [C:/Users/rrm21/Desktop/maquinaExpendedora_v1_SABADO2pm/maquinaExpendedora_v1/maquinaExpendedora_v1.srcs/sources_1/new/divNum_Uni_Dec.vhd:44]
INFO: [Synth 8-638] synthesizing module 'bcd7seg_uni' [C:/Users/rrm21/Desktop/maquinaExpendedora_v1_SABADO2pm/maquinaExpendedora_v1/maquinaExpendedora_v1.srcs/sources_1/new/bcd7seg_uni.vhd:12]
INFO: [Synth 8-256] done synthesizing module 'bcd7seg_uni' (0#1) [C:/Users/rrm21/Desktop/maquinaExpendedora_v1_SABADO2pm/maquinaExpendedora_v1/maquinaExpendedora_v1.srcs/sources_1/new/bcd7seg_uni.vhd:12]
INFO: [Synth 8-3491] module 'bcd7seg_dec' declared at 'C:/Users/rrm21/Desktop/maquinaExpendedora_v1_SABADO2pm/maquinaExpendedora_v1/maquinaExpendedora_v1.srcs/sources_1/new/bcd7seg_dec.vhd:5' bound to instance 'obtener_decenas' of component 'bcd7seg_dec' [C:/Users/rrm21/Desktop/maquinaExpendedora_v1_SABADO2pm/maquinaExpendedora_v1/maquinaExpendedora_v1.srcs/sources_1/new/divNum_Uni_Dec.vhd:49]
INFO: [Synth 8-638] synthesizing module 'bcd7seg_dec' [C:/Users/rrm21/Desktop/maquinaExpendedora_v1_SABADO2pm/maquinaExpendedora_v1/maquinaExpendedora_v1.srcs/sources_1/new/bcd7seg_dec.vhd:12]
INFO: [Synth 8-256] done synthesizing module 'bcd7seg_dec' (0#1) [C:/Users/rrm21/Desktop/maquinaExpendedora_v1_SABADO2pm/maquinaExpendedora_v1/maquinaExpendedora_v1.srcs/sources_1/new/bcd7seg_dec.vhd:12]
INFO: [Synth 8-256] done synthesizing module 'divNum_Uni_Dec' (0#1) [C:/Users/rrm21/Desktop/maquinaExpendedora_v1_SABADO2pm/maquinaExpendedora_v1/maquinaExpendedora_v1.srcs/sources_1/new/divNum_Uni_Dec.vhd:13]
INFO: [Synth 8-3491] module 'seleccionar_producto' declared at 'C:/Users/rrm21/Desktop/maquinaExpendedora_v1_SABADO2pm/maquinaExpendedora_v1/maquinaExpendedora_v1.srcs/sources_1/new/seleccionar_producto.vhd:8' bound to instance 'select_prod' of component 'seleccionar_producto' [C:/Users/rrm21/Desktop/maquinaExpendedora_v1_SABADO2pm/maquinaExpendedora_v1/maquinaExpendedora_v1.srcs/sources_1/new/main.vhd:256]
INFO: [Synth 8-638] synthesizing module 'seleccionar_producto' [C:/Users/rrm21/Desktop/maquinaExpendedora_v1_SABADO2pm/maquinaExpendedora_v1/maquinaExpendedora_v1.srcs/sources_1/new/seleccionar_producto.vhd:23]
INFO: [Synth 8-256] done synthesizing module 'seleccionar_producto' (0#1) [C:/Users/rrm21/Desktop/maquinaExpendedora_v1_SABADO2pm/maquinaExpendedora_v1/maquinaExpendedora_v1.srcs/sources_1/new/seleccionar_producto.vhd:23]
INFO: [Synth 8-3491] module 'divNum_Uni_Dec' declared at 'C:/Users/rrm21/Desktop/maquinaExpendedora_v1_SABADO2pm/maquinaExpendedora_v1/maquinaExpendedora_v1.srcs/sources_1/new/divNum_Uni_Dec.vhd:5' bound to instance 'precio_productoSel' of component 'divNum_Uni_Dec' [C:/Users/rrm21/Desktop/maquinaExpendedora_v1_SABADO2pm/maquinaExpendedora_v1/maquinaExpendedora_v1.srcs/sources_1/new/main.vhd:268]
INFO: [Synth 8-3491] module 'estados_dispensador' declared at 'C:/Users/rrm21/Desktop/maquinaExpendedora_v1_SABADO2pm/maquinaExpendedora_v1/maquinaExpendedora_v1.srcs/sources_1/new/estados_dispensador.vhd:5' bound to instance 'disp_producto1' of component 'estados_dispensador' [C:/Users/rrm21/Desktop/maquinaExpendedora_v1_SABADO2pm/maquinaExpendedora_v1/maquinaExpendedora_v1.srcs/sources_1/new/main.vhd:275]
INFO: [Synth 8-638] synthesizing module 'estados_dispensador' [C:/Users/rrm21/Desktop/maquinaExpendedora_v1_SABADO2pm/maquinaExpendedora_v1/maquinaExpendedora_v1.srcs/sources_1/new/estados_dispensador.vhd:19]
INFO: [Synth 8-226] default block is never used [C:/Users/rrm21/Desktop/maquinaExpendedora_v1_SABADO2pm/maquinaExpendedora_v1/maquinaExpendedora_v1.srcs/sources_1/new/estados_dispensador.vhd:42]
INFO: [Synth 8-226] default block is never used [C:/Users/rrm21/Desktop/maquinaExpendedora_v1_SABADO2pm/maquinaExpendedora_v1/maquinaExpendedora_v1.srcs/sources_1/new/estados_dispensador.vhd:61]
WARNING: [Synth 8-614] signal 'dineroRecibido' is read in the process but is not in the sensitivity list [C:/Users/rrm21/Desktop/maquinaExpendedora_v1_SABADO2pm/maquinaExpendedora_v1/maquinaExpendedora_v1.srcs/sources_1/new/estados_dispensador.vhd:58]
WARNING: [Synth 8-614] signal 'precioProducto' is read in the process but is not in the sensitivity list [C:/Users/rrm21/Desktop/maquinaExpendedora_v1_SABADO2pm/maquinaExpendedora_v1/maquinaExpendedora_v1.srcs/sources_1/new/estados_dispensador.vhd:58]
INFO: [Synth 8-256] done synthesizing module 'estados_dispensador' (0#1) [C:/Users/rrm21/Desktop/maquinaExpendedora_v1_SABADO2pm/maquinaExpendedora_v1/maquinaExpendedora_v1.srcs/sources_1/new/estados_dispensador.vhd:19]
INFO: [Synth 8-3491] module 'obtener_cambio' declared at 'C:/Users/rrm21/Desktop/maquinaExpendedora_v1_SABADO2pm/maquinaExpendedora_v1/maquinaExpendedora_v1.srcs/sources_1/new/obtener_cambio.vhd:5' bound to instance 'dar_cambio' of component 'obtener_cambio' [C:/Users/rrm21/Desktop/maquinaExpendedora_v1_SABADO2pm/maquinaExpendedora_v1/maquinaExpendedora_v1.srcs/sources_1/new/main.vhd:285]
INFO: [Synth 8-638] synthesizing module 'obtener_cambio' [C:/Users/rrm21/Desktop/maquinaExpendedora_v1_SABADO2pm/maquinaExpendedora_v1/maquinaExpendedora_v1.srcs/sources_1/new/obtener_cambio.vhd:14]
WARNING: [Synth 8-614] signal 'dineroAcumulado' is read in the process but is not in the sensitivity list [C:/Users/rrm21/Desktop/maquinaExpendedora_v1_SABADO2pm/maquinaExpendedora_v1/maquinaExpendedora_v1.srcs/sources_1/new/obtener_cambio.vhd:17]
WARNING: [Synth 8-614] signal 'precioProducto' is read in the process but is not in the sensitivity list [C:/Users/rrm21/Desktop/maquinaExpendedora_v1_SABADO2pm/maquinaExpendedora_v1/maquinaExpendedora_v1.srcs/sources_1/new/obtener_cambio.vhd:17]
INFO: [Synth 8-256] done synthesizing module 'obtener_cambio' (0#1) [C:/Users/rrm21/Desktop/maquinaExpendedora_v1_SABADO2pm/maquinaExpendedora_v1/maquinaExpendedora_v1.srcs/sources_1/new/obtener_cambio.vhd:14]
WARNING: [Synth 8-7043] port width mismatch for port 'valor_del_cambio': port width = 32, actual width = 7 (integer) [C:/Users/rrm21/Desktop/maquinaExpendedora_v1_SABADO2pm/maquinaExpendedora_v1/maquinaExpendedora_v1.srcs/sources_1/new/main.vhd:289]
INFO: [Synth 8-3491] module 'divNum_Uni_Dec' declared at 'C:/Users/rrm21/Desktop/maquinaExpendedora_v1_SABADO2pm/maquinaExpendedora_v1/maquinaExpendedora_v1.srcs/sources_1/new/divNum_Uni_Dec.vhd:5' bound to instance 'Cambio_dado' of component 'divNum_Uni_Dec' [C:/Users/rrm21/Desktop/maquinaExpendedora_v1_SABADO2pm/maquinaExpendedora_v1/maquinaExpendedora_v1.srcs/sources_1/new/main.vhd:292]
INFO: [Synth 8-3491] module 'mostrar_dispensar_leds' declared at 'C:/Users/rrm21/Desktop/maquinaExpendedora_v1_SABADO2pm/maquinaExpendedora_v1/maquinaExpendedora_v1.srcs/sources_1/new/mostrar_dispensar_leds.vhd:7' bound to instance 'encender_Leds' of component 'mostrar_dispensar_leds' [C:/Users/rrm21/Desktop/maquinaExpendedora_v1_SABADO2pm/maquinaExpendedora_v1/maquinaExpendedora_v1.srcs/sources_1/new/main.vhd:299]
INFO: [Synth 8-638] synthesizing module 'mostrar_dispensar_leds' [C:/Users/rrm21/Desktop/maquinaExpendedora_v1_SABADO2pm/maquinaExpendedora_v1/maquinaExpendedora_v1.srcs/sources_1/new/mostrar_dispensar_leds.vhd:17]
WARNING: [Synth 8-614] signal 'Confirmar_compra_IN' is read in the process but is not in the sensitivity list [C:/Users/rrm21/Desktop/maquinaExpendedora_v1_SABADO2pm/maquinaExpendedora_v1/maquinaExpendedora_v1.srcs/sources_1/new/mostrar_dispensar_leds.vhd:30]
INFO: [Synth 8-256] done synthesizing module 'mostrar_dispensar_leds' (0#1) [C:/Users/rrm21/Desktop/maquinaExpendedora_v1_SABADO2pm/maquinaExpendedora_v1/maquinaExpendedora_v1.srcs/sources_1/new/mostrar_dispensar_leds.vhd:17]
INFO: [Synth 8-3491] module 'demux_display' declared at 'C:/Users/rrm21/Desktop/maquinaExpendedora_v1_SABADO2pm/maquinaExpendedora_v1/maquinaExpendedora_v1.srcs/sources_1/new/demux_display.vhd:6' bound to instance 'salida_display' of component 'demux_display' [C:/Users/rrm21/Desktop/maquinaExpendedora_v1_SABADO2pm/maquinaExpendedora_v1/maquinaExpendedora_v1.srcs/sources_1/new/main.vhd:309]
INFO: [Synth 8-638] synthesizing module 'demux_display' [C:/Users/rrm21/Desktop/maquinaExpendedora_v1_SABADO2pm/maquinaExpendedora_v1/maquinaExpendedora_v1.srcs/sources_1/new/demux_display.vhd:28]
INFO: [Synth 8-226] default block is never used [C:/Users/rrm21/Desktop/maquinaExpendedora_v1_SABADO2pm/maquinaExpendedora_v1/maquinaExpendedora_v1.srcs/sources_1/new/demux_display.vhd:46]
WARNING: [Synth 8-614] signal 'display_sel' is read in the process but is not in the sensitivity list [C:/Users/rrm21/Desktop/maquinaExpendedora_v1_SABADO2pm/maquinaExpendedora_v1/maquinaExpendedora_v1.srcs/sources_1/new/demux_display.vhd:42]
WARNING: [Synth 8-614] signal 'Confirmar_compra_IN' is read in the process but is not in the sensitivity list [C:/Users/rrm21/Desktop/maquinaExpendedora_v1_SABADO2pm/maquinaExpendedora_v1/maquinaExpendedora_v1.srcs/sources_1/new/demux_display.vhd:42]
WARNING: [Synth 8-614] signal 'segmentos_uni_cambio' is read in the process but is not in the sensitivity list [C:/Users/rrm21/Desktop/maquinaExpendedora_v1_SABADO2pm/maquinaExpendedora_v1/maquinaExpendedora_v1.srcs/sources_1/new/demux_display.vhd:42]
WARNING: [Synth 8-614] signal 'segmentos_uni_dinero' is read in the process but is not in the sensitivity list [C:/Users/rrm21/Desktop/maquinaExpendedora_v1_SABADO2pm/maquinaExpendedora_v1/maquinaExpendedora_v1.srcs/sources_1/new/demux_display.vhd:42]
WARNING: [Synth 8-614] signal 'segmentos_dec_cambio' is read in the process but is not in the sensitivity list [C:/Users/rrm21/Desktop/maquinaExpendedora_v1_SABADO2pm/maquinaExpendedora_v1/maquinaExpendedora_v1.srcs/sources_1/new/demux_display.vhd:42]
WARNING: [Synth 8-614] signal 'segmentos_dec_dinero' is read in the process but is not in the sensitivity list [C:/Users/rrm21/Desktop/maquinaExpendedora_v1_SABADO2pm/maquinaExpendedora_v1/maquinaExpendedora_v1.srcs/sources_1/new/demux_display.vhd:42]
WARNING: [Synth 8-614] signal 'segmentos_uni_precio' is read in the process but is not in the sensitivity list [C:/Users/rrm21/Desktop/maquinaExpendedora_v1_SABADO2pm/maquinaExpendedora_v1/maquinaExpendedora_v1.srcs/sources_1/new/demux_display.vhd:42]
WARNING: [Synth 8-614] signal 'segmentos_letra' is read in the process but is not in the sensitivity list [C:/Users/rrm21/Desktop/maquinaExpendedora_v1_SABADO2pm/maquinaExpendedora_v1/maquinaExpendedora_v1.srcs/sources_1/new/demux_display.vhd:42]
WARNING: [Synth 8-614] signal 'segmentos_dec_precio' is read in the process but is not in the sensitivity list [C:/Users/rrm21/Desktop/maquinaExpendedora_v1_SABADO2pm/maquinaExpendedora_v1/maquinaExpendedora_v1.srcs/sources_1/new/demux_display.vhd:42]
INFO: [Synth 8-256] done synthesizing module 'demux_display' (0#1) [C:/Users/rrm21/Desktop/maquinaExpendedora_v1_SABADO2pm/maquinaExpendedora_v1/maquinaExpendedora_v1.srcs/sources_1/new/demux_display.vhd:28]
INFO: [Synth 8-256] done synthesizing module 'main' (0#1) [C:/Users/rrm21/Desktop/maquinaExpendedora_v1_SABADO2pm/maquinaExpendedora_v1/maquinaExpendedora_v1.srcs/sources_1/new/main.vhd:25]
WARNING: [Synth 8-7129] Port Dispensar_IN in module demux_display is either unconnected or has no load
WARNING: [Synth 8-7129] Port Dar_cambio_IN in module demux_display is either unconnected or has no load
WARNING: [Synth 8-7129] Port producto_selected in module demux_display is either unconnected or has no load
WARNING: [Synth 8-7129] Port confirmarProductoSelected in module estados_dispensador is either unconnected or has no load
WARNING: [Synth 8-7129] Port rst in module seleccionar_producto is either unconnected or has no load
WARNING: [Synth 8-7129] Port CONFIRMAR_COMPRA in module seleccionar_producto is either unconnected or has no load
---------------------------------------------------------------------------------
Finished RTL Elaboration : Time (s): cpu = 00:00:11 ; elapsed = 00:00:15 . Memory (MB): peak = 1904.020 ; gain = 501.148
---------------------------------------------------------------------------------
---------------------------------------------------------------------------------
Start Handling Custom Attributes
---------------------------------------------------------------------------------
---------------------------------------------------------------------------------
Finished Handling Custom Attributes : Time (s): cpu = 00:00:11 ; elapsed = 00:00:15 . Memory (MB): peak = 1904.020 ; gain = 501.148
---------------------------------------------------------------------------------
---------------------------------------------------------------------------------
Finished RTL Optimization Phase 1 : Time (s): cpu = 00:00:11 ; elapsed = 00:00:15 . Memory (MB): peak = 1904.020 ; gain = 501.148
---------------------------------------------------------------------------------
Netlist sorting complete. Time (s): cpu = 00:00:00 ; elapsed = 00:00:00.015 . Memory (MB): peak = 1904.020 ; gain = 0.000
INFO: [Project 1-570] Preparing netlist for logic optimization

Processing XDC Constraints
Initializing timing engine
Parsing XDC File [C:/Users/rrm21/Desktop/maquinaExpendedora_v1_SABADO2pm/maquinaExpendedora_v1/maquinaExpendedora_v1.srcs/constrs_1/new/basys-3-Master-final.xdc]
Finished Parsing XDC File [C:/Users/rrm21/Desktop/maquinaExpendedora_v1_SABADO2pm/maquinaExpendedora_v1/maquinaExpendedora_v1.srcs/constrs_1/new/basys-3-Master-final.xdc]
INFO: [Project 1-236] Implementation specific constraints were found while reading constraint file [C:/Users/rrm21/Desktop/maquinaExpendedora_v1_SABADO2pm/maquinaExpendedora_v1/maquinaExpendedora_v1.srcs/constrs_1/new/basys-3-Master-final.xdc]. These constraints will be ignored for synthesis but will be used in implementation. Impacted constraints are listed in the file [.Xil/main_propImpl.xdc].
Resolution: To avoid this warning, move constraints listed in [.Xil/main_propImpl.xdc] to another XDC file and exclude this new file from synthesis with the used_in_synthesis property (File Properties dialog in GUI) and re-run elaboration/synthesis.
Completed Processing XDC Constraints

Netlist sorting complete. Time (s): cpu = 00:00:00 ; elapsed = 00:00:00.001 . Memory (MB): peak = 1967.195 ; gain = 0.000
INFO: [Project 1-111] Unisim Transformation Summary:
No Unisim elements were transformed.

Constraint Validation Runtime : Time (s): cpu = 00:00:00 ; elapsed = 00:00:00.015 . Memory (MB): peak = 1967.195 ; gain = 0.000
INFO: [Designutils 20-5440] No compile time benefit to using incremental synthesis; A full resynthesis will be run
INFO: [Designutils 20-4379] Flow is switching to default flow due to incremental criteria not met. If you would like to alter this behaviour and have the flow terminate instead, please set the following parameter config_implementation {autoIncr.Synth.RejectBehavior Terminate}
INFO: [Synth 8-11241] undeclared symbol 'REGCCE', assumed default net type 'wire' [D:/Vivado/2022.2/data/verilog/src/unimacro/BRAM_SINGLE_MACRO.v:2170]
---------------------------------------------------------------------------------
Finished Constraint Validation : Time (s): cpu = 00:00:24 ; elapsed = 00:00:32 . Memory (MB): peak = 1967.195 ; gain = 564.324
---------------------------------------------------------------------------------
---------------------------------------------------------------------------------
Start Loading Part and Timing Information
---------------------------------------------------------------------------------
Loading part: xc7a35tcpg236-1
---------------------------------------------------------------------------------
Finished Loading Part and Timing Information : Time (s): cpu = 00:00:24 ; elapsed = 00:00:32 . Memory (MB): peak = 1967.195 ; gain = 564.324
---------------------------------------------------------------------------------
---------------------------------------------------------------------------------
Start Applying 'set_property' XDC Constraints
---------------------------------------------------------------------------------
---------------------------------------------------------------------------------
Finished applying 'set_property' XDC Constraints : Time (s): cpu = 00:00:24 ; elapsed = 00:00:32 . Memory (MB): peak = 1967.195 ; gain = 564.324
---------------------------------------------------------------------------------
WARNING: [Synth 8-327] inferring latch for variable 'DineroReci_reg' [C:/Users/rrm21/Desktop/maquinaExpendedora_v1_SABADO2pm/maquinaExpendedora_v1/maquinaExpendedora_v1.srcs/sources_1/new/suma_dinero.vhd:51]
WARNING: [Synth 8-327] inferring latch for variable 'moneda_prev_reg' [C:/Users/rrm21/Desktop/maquinaExpendedora_v1_SABADO2pm/maquinaExpendedora_v1/maquinaExpendedora_v1.srcs/sources_1/new/suma_dinero.vhd:34]
WARNING: [Synth 8-327] inferring latch for variable 'valor_del_cambio_reg' [C:/Users/rrm21/Desktop/maquinaExpendedora_v1_SABADO2pm/maquinaExpendedora_v1/maquinaExpendedora_v1.srcs/sources_1/new/obtener_cambio.vhd:21]
---------------------------------------------------------------------------------
Finished RTL Optimization Phase 2 : Time (s): cpu = 00:00:25 ; elapsed = 00:00:33 . Memory (MB): peak = 1967.195 ; gain = 564.324
---------------------------------------------------------------------------------
---------------------------------------------------------------------------------
Start RTL Component Statistics 
---------------------------------------------------------------------------------
Detailed RTL Component Info : 
+---Adders : 
	   2 Input   32 Bit       Adders := 4     
	   3 Input   32 Bit       Adders := 1     
	   2 Input    2 Bit       Adders := 1     
+---Registers : 
	               32 Bit    Registers := 2     
	                8 Bit    Registers := 6     
	                2 Bit    Registers := 1     
	                1 Bit    Registers := 18    
+---Muxes : 
	  20 Input   16 Bit        Muxes := 1     
	   5 Input    9 Bit        Muxes := 1     
	   2 Input    7 Bit        Muxes := 4     
	   4 Input    7 Bit        Muxes := 1     
	   4 Input    4 Bit        Muxes := 1     
	   4 Input    2 Bit        Muxes := 1     
	   2 Input    1 Bit        Muxes := 16    
	   5 Input    1 Bit        Muxes := 1     
---------------------------------------------------------------------------------
Finished RTL Component Statistics 
---------------------------------------------------------------------------------
---------------------------------------------------------------------------------
Start Part Resource Summary
---------------------------------------------------------------------------------
Part Resources:
DSPs: 90 (col length:60)
BRAMs: 100 (col length: RAMB18 60 RAMB36 30)
---------------------------------------------------------------------------------
Finished Part Resource Summary
---------------------------------------------------------------------------------
---------------------------------------------------------------------------------
Start Cross Boundary and Area Optimization
---------------------------------------------------------------------------------
WARNING: [Synth 8-7080] Parallel synthesis criteria is not met
WARNING: [Synth 8-7129] Port Dispensar_IN in module demux_display is either unconnected or has no load
WARNING: [Synth 8-7129] Port Dar_cambio_IN in module demux_display is either unconnected or has no load
WARNING: [Synth 8-7129] Port producto_selected in module demux_display is either unconnected or has no load
WARNING: [Synth 8-7129] Port confirmarProductoSelected in module estados_dispensador is either unconnected or has no load
WARNING: [Synth 8-3332] Sequential element (sumar_monedas/moneda_prev_reg[31]) is unused and will be removed from module main.
WARNING: [Synth 8-3332] Sequential element (sumar_monedas/moneda_prev_reg[30]) is unused and will be removed from module main.
WARNING: [Synth 8-3332] Sequential element (sumar_monedas/moneda_prev_reg[29]) is unused and will be removed from module main.
WARNING: [Synth 8-3332] Sequential element (sumar_monedas/moneda_prev_reg[28]) is unused and will be removed from module main.
WARNING: [Synth 8-3332] Sequential element (sumar_monedas/moneda_prev_reg[27]) is unused and will be removed from module main.
WARNING: [Synth 8-3332] Sequential element (sumar_monedas/moneda_prev_reg[26]) is unused and will be removed from module main.
WARNING: [Synth 8-3332] Sequential element (sumar_monedas/moneda_prev_reg[25]) is unused and will be removed from module main.
WARNING: [Synth 8-3332] Sequential element (sumar_monedas/moneda_prev_reg[24]) is unused and will be removed from module main.
WARNING: [Synth 8-3332] Sequential element (sumar_monedas/moneda_prev_reg[23]) is unused and will be removed from module main.
WARNING: [Synth 8-3332] Sequential element (sumar_monedas/moneda_prev_reg[22]) is unused and will be removed from module main.
WARNING: [Synth 8-3332] Sequential element (sumar_monedas/moneda_prev_reg[21]) is unused and will be removed from module main.
WARNING: [Synth 8-3332] Sequential element (sumar_monedas/moneda_prev_reg[20]) is unused and will be removed from module main.
WARNING: [Synth 8-3332] Sequential element (sumar_monedas/moneda_prev_reg[19]) is unused and will be removed from module main.
WARNING: [Synth 8-3332] Sequential element (sumar_monedas/moneda_prev_reg[18]) is unused and will be removed from module main.
WARNING: [Synth 8-3332] Sequential element (sumar_monedas/moneda_prev_reg[17]) is unused and will be removed from module main.
WARNING: [Synth 8-3332] Sequential element (sumar_monedas/moneda_prev_reg[16]) is unused and will be removed from module main.
WARNING: [Synth 8-3332] Sequential element (sumar_monedas/moneda_prev_reg[15]) is unused and will be removed from module main.
WARNING: [Synth 8-3332] Sequential element (sumar_monedas/moneda_prev_reg[14]) is unused and will be removed from module main.
WARNING: [Synth 8-3332] Sequential element (sumar_monedas/moneda_prev_reg[13]) is unused and will be removed from module main.
WARNING: [Synth 8-3332] Sequential element (sumar_monedas/moneda_prev_reg[12]) is unused and will be removed from module main.
WARNING: [Synth 8-3332] Sequential element (sumar_monedas/moneda_prev_reg[11]) is unused and will be removed from module main.
WARNING: [Synth 8-3332] Sequential element (sumar_monedas/moneda_prev_reg[10]) is unused and will be removed from module main.
WARNING: [Synth 8-3332] Sequential element (sumar_monedas/moneda_prev_reg[9]) is unused and will be removed from module main.
WARNING: [Synth 8-3332] Sequential element (sumar_monedas/moneda_prev_reg[8]) is unused and will be removed from module main.
WARNING: [Synth 8-3332] Sequential element (sumar_monedas/moneda_prev_reg[7]) is unused and will be removed from module main.
WARNING: [Synth 8-3332] Sequential element (dar_cambio/valor_del_cambio_reg[31]) is unused and will be removed from module main.
WARNING: [Synth 8-3332] Sequential element (dar_cambio/valor_del_cambio_reg[30]) is unused and will be removed from module main.
WARNING: [Synth 8-3332] Sequential element (dar_cambio/valor_del_cambio_reg[29]) is unused and will be removed from module main.
WARNING: [Synth 8-3332] Sequential element (dar_cambio/valor_del_cambio_reg[28]) is unused and will be removed from module main.
WARNING: [Synth 8-3332] Sequential element (dar_cambio/valor_del_cambio_reg[27]) is unused and will be removed from module main.
WARNING: [Synth 8-3332] Sequential element (dar_cambio/valor_del_cambio_reg[26]) is unused and will be removed from module main.
WARNING: [Synth 8-3332] Sequential element (dar_cambio/valor_del_cambio_reg[25]) is unused and will be removed from module main.
WARNING: [Synth 8-3332] Sequential element (dar_cambio/valor_del_cambio_reg[24]) is unused and will be removed from module main.
WARNING: [Synth 8-3332] Sequential element (dar_cambio/valor_del_cambio_reg[23]) is unused and will be removed from module main.
WARNING: [Synth 8-3332] Sequential element (dar_cambio/valor_del_cambio_reg[22]) is unused and will be removed from module main.
WARNING: [Synth 8-3332] Sequential element (dar_cambio/valor_del_cambio_reg[21]) is unused and will be removed from module main.
WARNING: [Synth 8-3332] Sequential element (dar_cambio/valor_del_cambio_reg[20]) is unused and will be removed from module main.
WARNING: [Synth 8-3332] Sequential element (dar_cambio/valor_del_cambio_reg[19]) is unused and will be removed from module main.
WARNING: [Synth 8-3332] Sequential element (dar_cambio/valor_del_cambio_reg[18]) is unused and will be removed from module main.
WARNING: [Synth 8-3332] Sequential element (dar_cambio/valor_del_cambio_reg[17]) is unused and will be removed from module main.
WARNING: [Synth 8-3332] Sequential element (dar_cambio/valor_del_cambio_reg[16]) is unused and will be removed from module main.
WARNING: [Synth 8-3332] Sequential element (dar_cambio/valor_del_cambio_reg[15]) is unused and will be removed from module main.
WARNING: [Synth 8-3332] Sequential element (dar_cambio/valor_del_cambio_reg[14]) is unused and will be removed from module main.
WARNING: [Synth 8-3332] Sequential element (dar_cambio/valor_del_cambio_reg[13]) is unused and will be removed from module main.
WARNING: [Synth 8-3332] Sequential element (dar_cambio/valor_del_cambio_reg[12]) is unused and will be removed from module main.
WARNING: [Synth 8-3332] Sequential element (dar_cambio/valor_del_cambio_reg[11]) is unused and will be removed from module main.
WARNING: [Synth 8-3332] Sequential element (dar_cambio/valor_del_cambio_reg[10]) is unused and will be removed from module main.
WARNING: [Synth 8-3332] Sequential element (dar_cambio/valor_del_cambio_reg[9]) is unused and will be removed from module main.
WARNING: [Synth 8-3332] Sequential element (dar_cambio/valor_del_cambio_reg[8]) is unused and will be removed from module main.
WARNING: [Synth 8-3332] Sequential element (dar_cambio/valor_del_cambio_reg[7]) is unused and will be removed from module main.
---------------------------------------------------------------------------------
Finished Cross Boundary and Area Optimization : Time (s): cpu = 00:00:37 ; elapsed = 00:00:48 . Memory (MB): peak = 1967.195 ; gain = 564.324
---------------------------------------------------------------------------------
---------------------------------------------------------------------------------
Start Applying XDC Timing Constraints
---------------------------------------------------------------------------------
---------------------------------------------------------------------------------
Finished Applying XDC Timing Constraints : Time (s): cpu = 00:00:44 ; elapsed = 00:00:56 . Memory (MB): peak = 1967.195 ; gain = 564.324
---------------------------------------------------------------------------------
---------------------------------------------------------------------------------
Start Timing Optimization
---------------------------------------------------------------------------------
---------------------------------------------------------------------------------
Finished Timing Optimization : Time (s): cpu = 00:00:44 ; elapsed = 00:00:56 . Memory (MB): peak = 1967.195 ; gain = 564.324
---------------------------------------------------------------------------------
---------------------------------------------------------------------------------
Start Technology Mapping
---------------------------------------------------------------------------------
---------------------------------------------------------------------------------
Finished Technology Mapping : Time (s): cpu = 00:00:45 ; elapsed = 00:00:57 . Memory (MB): peak = 1967.195 ; gain = 564.324
---------------------------------------------------------------------------------
---------------------------------------------------------------------------------
Start IO Insertion
---------------------------------------------------------------------------------
---------------------------------------------------------------------------------
Start Flattening Before IO Insertion
---------------------------------------------------------------------------------
---------------------------------------------------------------------------------
Finished Flattening Before IO Insertion
---------------------------------------------------------------------------------
---------------------------------------------------------------------------------
Start Final Netlist Cleanup
---------------------------------------------------------------------------------
---------------------------------------------------------------------------------
Finished Final Netlist Cleanup
---------------------------------------------------------------------------------
---------------------------------------------------------------------------------
Finished IO Insertion : Time (s): cpu = 00:00:54 ; elapsed = 00:01:06 . Memory (MB): peak = 1967.195 ; gain = 564.324
---------------------------------------------------------------------------------
---------------------------------------------------------------------------------
Start Renaming Generated Instances
---------------------------------------------------------------------------------
---------------------------------------------------------------------------------
Finished Renaming Generated Instances : Time (s): cpu = 00:00:54 ; elapsed = 00:01:06 . Memory (MB): peak = 1967.195 ; gain = 564.324
---------------------------------------------------------------------------------
---------------------------------------------------------------------------------
Start Rebuilding User Hierarchy
---------------------------------------------------------------------------------
---------------------------------------------------------------------------------
Finished Rebuilding User Hierarchy : Time (s): cpu = 00:00:54 ; elapsed = 00:01:06 . Memory (MB): peak = 1967.195 ; gain = 564.324
---------------------------------------------------------------------------------
---------------------------------------------------------------------------------
Start Renaming Generated Ports
---------------------------------------------------------------------------------
---------------------------------------------------------------------------------
Finished Renaming Generated Ports : Time (s): cpu = 00:00:54 ; elapsed = 00:01:06 . Memory (MB): peak = 1967.195 ; gain = 564.324
---------------------------------------------------------------------------------
---------------------------------------------------------------------------------
Start Handling Custom Attributes
---------------------------------------------------------------------------------
---------------------------------------------------------------------------------
Finished Handling Custom Attributes : Time (s): cpu = 00:00:54 ; elapsed = 00:01:06 . Memory (MB): peak = 1967.195 ; gain = 564.324
---------------------------------------------------------------------------------
---------------------------------------------------------------------------------
Start Renaming Generated Nets
---------------------------------------------------------------------------------
---------------------------------------------------------------------------------
Finished Renaming Generated Nets : Time (s): cpu = 00:00:54 ; elapsed = 00:01:06 . Memory (MB): peak = 1967.195 ; gain = 564.324
---------------------------------------------------------------------------------
---------------------------------------------------------------------------------
Start Writing Synthesis Report
---------------------------------------------------------------------------------

Report BlackBoxes: 
+-+--------------+----------+
| |BlackBox name |Instances |
+-+--------------+----------+
+-+--------------+----------+

Report Cell Usage: 
+------+-------+------+
|      |Cell   |Count |
+------+-------+------+
|1     |BUFG   |     2|
|2     |CARRY4 |    86|
|3     |LUT1   |    28|
|4     |LUT2   |   155|
|5     |LUT3   |    16|
|6     |LUT4   |    27|
|7     |LUT5   |    36|
|8     |LUT6   |    92|
|9     |MUXF7  |     6|
|10    |FDCE   |   116|
|11    |FDRE   |   186|
|12    |FDSE   |     2|
|13    |LD     |    21|
|14    |IBUF   |    12|
|15    |OBUF   |    27|
+------+-------+------+
---------------------------------------------------------------------------------
Finished Writing Synthesis Report : Time (s): cpu = 00:00:54 ; elapsed = 00:01:06 . Memory (MB): peak = 1967.195 ; gain = 564.324
---------------------------------------------------------------------------------
Synthesis finished with 0 errors, 0 critical warnings and 58 warnings.
Synthesis Optimization Runtime : Time (s): cpu = 00:00:39 ; elapsed = 00:01:03 . Memory (MB): peak = 1967.195 ; gain = 501.148
Synthesis Optimization Complete : Time (s): cpu = 00:00:54 ; elapsed = 00:01:06 . Memory (MB): peak = 1967.195 ; gain = 564.324
INFO: [Project 1-571] Translating synthesized netlist
Netlist sorting complete. Time (s): cpu = 00:00:00 ; elapsed = 00:00:00.018 . Memory (MB): peak = 1967.195 ; gain = 0.000
INFO: [Netlist 29-17] Analyzing 113 Unisim elements for replacement
INFO: [Netlist 29-28] Unisim Transformation completed in 0 CPU seconds
INFO: [Project 1-570] Preparing netlist for logic optimization
INFO: [Opt 31-138] Pushed 0 inverter(s) to 0 load pin(s).
Netlist sorting complete. Time (s): cpu = 00:00:00 ; elapsed = 00:00:00 . Memory (MB): peak = 1967.195 ; gain = 0.000
INFO: [Project 1-111] Unisim Transformation Summary:
  A total of 21 instances were transformed.
  LD => LDCE: 21 instances

Synth Design complete, checksum: a603e307
INFO: [Common 17-83] Releasing license: Synthesis
74 Infos, 86 Warnings, 0 Critical Warnings and 0 Errors encountered.
synth_design completed successfully
synth_design: Time (s): cpu = 00:01:02 ; elapsed = 00:01:19 . Memory (MB): peak = 1967.195 ; gain = 942.355
INFO: [Common 17-1381] The checkpoint 'C:/Users/rrm21/Desktop/maquinaExpendedora_v1_SABADO2pm/maquinaExpendedora_v1/maquinaExpendedora_v1.runs/synth_1/main.dcp' has been generated.
INFO: [runtcl-4] Executing : report_utilization -file main_utilization_synth.rpt -pb main_utilization_synth.pb
INFO: [Common 17-206] Exiting Vivado at Mon Nov 27 08:32:24 2023...
