#-----------------------------------------------------------
# Vivado v2022.1 (64-bit)
# SW Build 3526262 on Mon Apr 18 15:48:16 MDT 2022
# IP Build 3524634 on Mon Apr 18 20:55:01 MDT 2022
# Start of session at: Sat Nov 18 08:34:21 2023
# Process ID: 2976
# Current directory: D:/Users/178633/Desktop/maquinaExpendedora_v1
# Command line: vivado.exe -gui_launcher_event rodinguilauncherevent2208 D:\Users\178633\Desktop\maquinaExpendedora_v1\maquinaExpendedora_v1.xpr
# Log file: D:/Users/178633/Desktop/maquinaExpendedora_v1/vivado.log
# Journal file: D:/Users/178633/Desktop/maquinaExpendedora_v1\vivado.jou
# Running On: PCCN111-04, OS: Windows, CPU Frequency: 3000 MHz, CPU Physical cores: 8, Host memory: 16943 MB
#-----------------------------------------------------------
ssstart_guopen_project D:/Users/178633/Desktop/maquinaExpendedora_v1/maquinaExpendedora_v1.xpr
WAWARNING: [Board 49-26] cannot add Board Part xilinx.com:vpk120_es:part0:1.2 available at D:/Vivado/Vivado/2022.1/data/xhub/boards/XilinxBoardStore/boards/Xilinx/vpk120/es/1.2/board.xml as part xcvp1202-vsva2785-2mp-e-s-es1 specified in board_part file is either invalid or not available
WARNING: [Board 49-26] cannot add Board Part xilinx.com:vpk120_es_revb:part0:1.0 available at D:/Vivado/Vivado/2022.1/data/xhub/boards/XilinxBoardStore/boards/Xilinx/vpk120_revb/es/1.0/board.xml as part xcvp1202-vsva2785-2mp-e-s-es1 specified in board_part file is either invalid or not available
WARNING: [Board 49-26] cannot add Board Part xilinx.com:zcu208ld:part0:2.0 available at D:/Vivado/Vivado/2022.1/data/xhub/boards/XilinxBoardStore/boards/Xilinx/zcu208ld/production/2.0/board.xml as part xczu58dr-fsvg1517-2-i specified in board_part file is either invalid or not available
WARNING: [Board 49-26] cannot add Board Part xilinx.com:zcu216ld:part0:2.0 available at D:/Vivado/Vivado/2022.1/data/xhub/boards/XilinxBoardStore/boards/Xilinx/zcu216ld/production/2.0/board.xml as part xczu59dr-ffvf1760-2-i specified in board_part file is either invalid or not available
WARNING: [Board 49-26] cannot add Board Part xilinx.com:zcu670:part0:2.0 available at D:/Vivado/Vivado/2022.1/data/xhub/boards/XilinxBoardStore/boards/Xilinx/zcu670/2.0/board.xml as part xczu67dr-fsve1156-2-i specified in board_part file is either invalid or not available
WARNING: [Board 49-26] cannot add Board Part xilinx.com:zcu670ld:part0:1.0 available at D:/Vivado/Vivado/2022.1/data/xhub/boards/XilinxBoardStore/boards/Xilinx/zcu670ld/1.0/board.xml as part xczu57dr-fsve1156-2-i specified in board_part file is either invalid or not availablINFO: [filemgmt 56-3] Default IP Output Path : Could not find the directory 'D:/Users/178633/Desktop/maquinaExpendedora_v1/maquinaExpendedora_v1.gen/sources_1'.
SScanning sources...FiFinished scanning sourceINFO: [IP_Flow 19-234] Refreshing IP repositories
INFO: [IP_Flow 19-1704] No user IP repositories specified
IINFO: [IP_Flow 19-2313] Loaded Vivado IP repository 'D:/Vivado/Vivado/2022.1/data/ip'.opopen_project: Time (s): cpu = 00:00:17 ; elapsed = 00:00:19 . Memory (MB): peak = 1767.980 ; gain = 204.57upupdate_compile_order -fileset sources_exupdate_compile_order -fileset sources_1
exit
INFO: [Common 17-206] Exiting Vivado at Sat Nov 18 08:52:32 2023...
