#-----------------------------------------------------------
# Vivado v2022.1 (64-bit)
# SW Build 3526262 on Mon Apr 18 15:48:16 MDT 2022
# IP Build 3524634 on Mon Apr 18 20:55:01 MDT 2022
# Start of session at: Thu Nov 16 15:57:22 2023
# Process ID: 6172
# Current directory: D:/Users/178633/Desktop/maquinaExpendedora_v1
# Command line: vivado.exe -gui_launcher_event rodinguilauncherevent19748 D:\Users\178633\Desktop\maquinaExpendedora_v1\maquinaExpendedora_v1.xpr
# Log file: D:/Users/178633/Desktop/maquinaExpendedora_v1/vivado.log
# Journal file: D:/Users/178633/Desktop/maquinaExpendedora_v1\vivado.jou
# Running On: PCCN111-04, OS: Windows, CPU Frequency: 3000 MHz, CPU Physical cores: 8, Host memory: 16943 MB
#-----------------------------------------------------------
start_gui
open_project D:/Users/178633/Desktop/maquinaExpendedora_v1/maquinaExpendedora_v1.xpr
WARNING: [Board 49-26] cannot add Board Part xilinx.com:vpk120_es:part0:1.2 available at D:/Vivado/Vivado/2022.1/data/xhub/boards/XilinxBoardStore/boards/Xilinx/vpk120/es/1.2/board.xml as part xcvp1202-vsva2785-2mp-e-s-es1 specified in board_part file is either invalid or not available
WARNING: [Board 49-26] cannot add Board Part xilinx.com:vpk120_es_revb:part0:1.0 available at D:/Vivado/Vivado/2022.1/data/xhub/boards/XilinxBoardStore/boards/Xilinx/vpk120_revb/es/1.0/board.xml as part xcvp1202-vsva2785-2mp-e-s-es1 specified in board_part file is either invalid or not available
WARNING: [Board 49-26] cannot add Board Part xilinx.com:zcu208ld:part0:2.0 available at D:/Vivado/Vivado/2022.1/data/xhub/boards/XilinxBoardStore/boards/Xilinx/zcu208ld/production/2.0/board.xml as part xczu58dr-fsvg1517-2-i specified in board_part file is either invalid or not available
WARNING: [Board 49-26] cannot add Board Part xilinx.com:zcu216ld:part0:2.0 available at D:/Vivado/Vivado/2022.1/data/xhub/boards/XilinxBoardStore/boards/Xilinx/zcu216ld/production/2.0/board.xml as part xczu59dr-ffvf1760-2-i specified in board_part file is either invalid or not available
WARNING: [Board 49-26] cannot add Board Part xilinx.com:zcu670:part0:2.0 available at D:/Vivado/Vivado/2022.1/data/xhub/boards/XilinxBoardStore/boards/Xilinx/zcu670/2.0/board.xml as part xczu67dr-fsve1156-2-i specified in board_part file is either invalid or not available
WARNING: [Board 49-26] cannot add Board Part xilinx.com:zcu670ld:part0:1.0 available at D:/Vivado/Vivado/2022.1/data/xhub/boards/XilinxBoardStore/boards/Xilinx/zcu670ld/1.0/board.xml as part xczu57dr-fsve1156-2-i specified in board_part file is either invalid or not available
INFO: [filemgmt 56-3] Default IP Output Path : Could not find the directory 'D:/Users/178633/Desktop/maquinaExpendedora_v1/maquinaExpendedora_v1.gen/sources_1'.
Scanning sources...
Finished scanning sources
INFO: [IP_Flow 19-234] Refreshing IP repositories
INFO: [IP_Flow 19-1704] No user IP repositories specified
INFO: [IP_Flow 19-2313] Loaded Vivado IP repository 'D:/Vivado/Vivado/2022.1/data/ip'.
open_project: Time (s): cpu = 00:00:13 ; elapsed = 00:00:09 . Memory (MB): peak = 1782.570 ; gain = 265.840
update_compile_order -fileset sources_1
reset_run synth_1
INFO: [Project 1-1161] Replacing file D:/Users/178633/Desktop/maquinaExpendedora_v1/maquinaExpendedora_v1.srcs/utils_1/imports/synth_1/main.dcp with file D:/Users/178633/Desktop/maquinaExpendedora_v1/maquinaExpendedora_v1.runs/synth_1/main.dcp
launch_runs synth_1 -jobs 8
[Thu Nov 16 16:03:14 2023] Launched synth_1...
Run output will be captured here: D:/Users/178633/Desktop/maquinaExpendedora_v1/maquinaExpendedora_v1.runs/synth_1/runme.log
reset_run synth_1
launch_runs synth_1 -jobs 8
[Thu Nov 16 16:05:12 2023] Launched synth_1...
Run output will be captured here: D:/Users/178633/Desktop/maquinaExpendedora_v1/maquinaExpendedora_v1.runs/synth_1/runme.log
reset_run synth_1
launch_runs synth_1 -jobs 8
[Thu Nov 16 16:06:08 2023] Launched synth_1...
Run output will be captured here: D:/Users/178633/Desktop/maquinaExpendedora_v1/maquinaExpendedora_v1.runs/synth_1/runme.log
launch_runs impl_1 -jobs 8
[Thu Nov 16 16:07:00 2023] Launched impl_1...
Run output will be captured here: D:/Users/178633/Desktop/maquinaExpendedora_v1/maquinaExpendedora_v1.runs/impl_1/runme.log
launch_runs impl_1 -to_step write_bitstream -jobs 8
[Thu Nov 16 16:08:04 2023] Launched impl_1...
Run output will be captured here: D:/Users/178633/Desktop/maquinaExpendedora_v1/maquinaExpendedora_v1.runs/impl_1/runme.log
open_hw_manager
connect_hw_server -allow_non_jtag
INFO: [Labtools 27-2285] Connecting to hw_server url TCP:localhost:3121
INFO: [Labtools 27-2222] Launching hw_server...
INFO: [Labtools 27-2221] Launch Output:

****** Xilinx hw_server v2022.1
  **** Build date : Apr 18 2022 at 16:02:36
    ** Copyright 1986-2022 Xilinx, Inc. All Rights Reserved.


INFO: [Labtools 27-3415] Connecting to cs_server url TCP:localhost:3042
INFO: [Labtools 27-3417] Launching cs_server...
INFO: [Labtools 27-2221] Launch Output:


******** Xilinx cs_server v2022.1.0
  ****** Build date   : Apr 12 2022-13:12:08
    **** Build number : 2022.1.1649790728
      ** Copyright 2017-2023 Xilinx, Inc. All Rights Reserved.



connect_hw_server: Time (s): cpu = 00:00:00 ; elapsed = 00:00:10 . Memory (MB): peak = 1846.809 ; gain = 0.000
open_hw_target
INFO: [Labtoolstcl 44-466] Opening hw_target localhost:3121/xilinx_tcf/Digilent/210183A283B6A
open_hw_target: Time (s): cpu = 00:00:06 ; elapsed = 00:00:07 . Memory (MB): peak = 3977.164 ; gain = 2130.355
set_property PROGRAM.FILE {D:/Users/178633/Desktop/maquinaExpendedora_v1/maquinaExpendedora_v1.runs/impl_1/main.bit} [get_hw_devices xc7a35t_0]
current_hw_device [get_hw_devices xc7a35t_0]
refresh_hw_device -update_hw_probes false [lindex [get_hw_devices xc7a35t_0] 0]
INFO: [Labtools 27-1435] Device xc7a35t (JTAG device index = 0) is not programmed (DONE status = 0).
set_property PROBES.FILE {} [get_hw_devices xc7a35t_0]
set_property FULL_PROBES.FILE {} [get_hw_devices xc7a35t_0]
set_property PROGRAM.FILE {D:/Users/178633/Desktop/maquinaExpendedora_v1/maquinaExpendedora_v1.runs/impl_1/main.bit} [get_hw_devices xc7a35t_0]
program_hw_devices [get_hw_devices xc7a35t_0]
INFO: [Labtools 27-3164] End of startup status: HIGH
refresh_hw_device [lindex [get_hw_devices xc7a35t_0] 0]
INFO: [Labtools 27-1434] Device xc7a35t (JTAG device index = 0) is programmed with a design that has no supported debug core(s) in it.
close_hw_manager
close [ open D:/Users/178633/Desktop/maquinaExpendedora_v1/maquinaExpendedora_v1.srcs/sources_1/new/bcd7seg_uni.vhd w ]
add_files D:/Users/178633/Desktop/maquinaExpendedora_v1/maquinaExpendedora_v1.srcs/sources_1/new/bcd7seg_uni.vhd
update_compile_order -fileset sources_1
update_compile_order -fileset sources_1
reset_run synth_1
INFO: [Project 1-1161] Replacing file D:/Users/178633/Desktop/maquinaExpendedora_v1/maquinaExpendedora_v1.srcs/utils_1/imports/synth_1/main.dcp with file D:/Users/178633/Desktop/maquinaExpendedora_v1/maquinaExpendedora_v1.runs/synth_1/main.dcp
launch_runs synth_1 -jobs 8
[Thu Nov 16 16:19:24 2023] Launched synth_1...
Run output will be captured here: D:/Users/178633/Desktop/maquinaExpendedora_v1/maquinaExpendedora_v1.runs/synth_1/runme.log
launch_runs impl_1 -jobs 8
[Thu Nov 16 16:20:32 2023] Launched impl_1...
Run output will be captured here: D:/Users/178633/Desktop/maquinaExpendedora_v1/maquinaExpendedora_v1.runs/impl_1/runme.log
launch_runs impl_1 -to_step write_bitstream -jobs 8
[Thu Nov 16 16:21:38 2023] Launched impl_1...
Run output will be captured here: D:/Users/178633/Desktop/maquinaExpendedora_v1/maquinaExpendedora_v1.runs/impl_1/runme.log
open_hw_manager
connect_hw_server -allow_non_jtag
INFO: [Labtools 27-2285] Connecting to hw_server url TCP:localhost:3121
INFO: [Labtools 27-2222] Launching hw_server...
INFO: [Labtools 27-2221] Launch Output:

****** Xilinx hw_server v2022.1
  **** Build date : Apr 18 2022 at 16:02:36
    ** Copyright 1986-2022 Xilinx, Inc. All Rights Reserved.


INFO: [Labtools 27-3415] Connecting to cs_server url TCP:localhost:3042
INFO: [Labtools 27-3417] Launching cs_server...
INFO: [Labtools 27-2221] Launch Output:


******** Xilinx cs_server v2022.1.0
  ****** Build date   : Apr 12 2022-13:12:08
    **** Build number : 2022.1.1649790728
      ** Copyright 2017-2023 Xilinx, Inc. All Rights Reserved.



connect_hw_server: Time (s): cpu = 00:00:01 ; elapsed = 00:00:09 . Memory (MB): peak = 4016.527 ; gain = 0.000
open_hw_target
INFO: [Labtoolstcl 44-466] Opening hw_target localhost:3121/xilinx_tcf/Digilent/210183A283B6A
set_property PROGRAM.FILE {D:/Users/178633/Desktop/maquinaExpendedora_v1/maquinaExpendedora_v1.runs/impl_1/main.bit} [get_hw_devices xc7a35t_0]
current_hw_device [get_hw_devices xc7a35t_0]
refresh_hw_device -update_hw_probes false [lindex [get_hw_devices xc7a35t_0] 0]
INFO: [Labtools 27-1435] Device xc7a35t (JTAG device index = 0) is not programmed (DONE status = 0).
set_property PROBES.FILE {} [get_hw_devices xc7a35t_0]
set_property FULL_PROBES.FILE {} [get_hw_devices xc7a35t_0]
set_property PROGRAM.FILE {D:/Users/178633/Desktop/maquinaExpendedora_v1/maquinaExpendedora_v1.runs/impl_1/main.bit} [get_hw_devices xc7a35t_0]
program_hw_devices [get_hw_devices xc7a35t_0]
INFO: [Labtools 27-3164] End of startup status: HIGH
refresh_hw_device [lindex [get_hw_devices xc7a35t_0] 0]
INFO: [Labtools 27-1434] Device xc7a35t (JTAG device index = 0) is programmed with a design that has no supported debug core(s) in it.
close_hw_manager
close [ open D:/Users/178633/Desktop/maquinaExpendedora_v1/maquinaExpendedora_v1.srcs/sources_1/new/demux_display.vhd w ]
add_files D:/Users/178633/Desktop/maquinaExpendedora_v1/maquinaExpendedora_v1.srcs/sources_1/new/demux_display.vhd
update_compile_order -fileset sources_1
update_compile_order -fileset sources_1
update_compile_order -fileset sources_1
reset_run synth_1
INFO: [Project 1-1161] Replacing file D:/Users/178633/Desktop/maquinaExpendedora_v1/maquinaExpendedora_v1.srcs/utils_1/imports/synth_1/main.dcp with file D:/Users/178633/Desktop/maquinaExpendedora_v1/maquinaExpendedora_v1.runs/synth_1/main.dcp
launch_runs synth_1 -jobs 8
[Thu Nov 16 17:50:30 2023] Launched synth_1...
Run output will be captured here: D:/Users/178633/Desktop/maquinaExpendedora_v1/maquinaExpendedora_v1.runs/synth_1/runme.log
reset_run synth_1
launch_runs synth_1 -jobs 8
[Thu Nov 16 17:54:38 2023] Launched synth_1...
Run output will be captured here: D:/Users/178633/Desktop/maquinaExpendedora_v1/maquinaExpendedora_v1.runs/synth_1/runme.log
reset_run synth_1
launch_runs synth_1 -jobs 8
[Thu Nov 16 17:55:37 2023] Launched synth_1...
Run output will be captured here: D:/Users/178633/Desktop/maquinaExpendedora_v1/maquinaExpendedora_v1.runs/synth_1/runme.log
update_compile_order -fileset sources_1
close [ open D:/Users/178633/Desktop/maquinaExpendedora_v1/maquinaExpendedora_v1.srcs/sources_1/new/div_freq_500_hz.vhd w ]
add_files D:/Users/178633/Desktop/maquinaExpendedora_v1/maquinaExpendedora_v1.srcs/sources_1/new/div_freq_500_hz.vhd
update_compile_order -fileset sources_1
update_compile_order -fileset sources_1
reset_run synth_1
launch_runs synth_1 -jobs 8
[Thu Nov 16 18:21:08 2023] Launched synth_1...
Run output will be captured here: D:/Users/178633/Desktop/maquinaExpendedora_v1/maquinaExpendedora_v1.runs/synth_1/runme.log
launch_runs impl_1 -jobs 8
[Thu Nov 16 18:22:04 2023] Launched impl_1...
Run output will be captured here: D:/Users/178633/Desktop/maquinaExpendedora_v1/maquinaExpendedora_v1.runs/impl_1/runme.log
launch_runs impl_1 -to_step write_bitstream -jobs 8
[Thu Nov 16 18:23:10 2023] Launched impl_1...
Run output will be captured here: D:/Users/178633/Desktop/maquinaExpendedora_v1/maquinaExpendedora_v1.runs/impl_1/runme.log
open_hw_manager
connect_hw_server -allow_non_jtag
INFO: [Labtools 27-2285] Connecting to hw_server url TCP:localhost:3121
INFO: [Labtools 27-2222] Launching hw_server...
INFO: [Labtools 27-2221] Launch Output:

****** Xilinx hw_server v2022.1
  **** Build date : Apr 18 2022 at 16:02:36
    ** Copyright 1986-2022 Xilinx, Inc. All Rights Reserved.


INFO: [Labtools 27-3415] Connecting to cs_server url TCP:localhost:3042
INFO: [Labtools 27-3417] Launching cs_server...
INFO: [Labtools 27-2221] Launch Output:


******** Xilinx cs_server v2022.1.0
  ****** Build date   : Apr 12 2022-13:12:08
    **** Build number : 2022.1.1649790728
      ** Copyright 2017-2023 Xilinx, Inc. All Rights Reserved.



connect_hw_server: Time (s): cpu = 00:00:01 ; elapsed = 00:00:09 . Memory (MB): peak = 4041.008 ; gain = 0.000
open_hw_target
INFO: [Labtoolstcl 44-466] Opening hw_target localhost:3121/xilinx_tcf/Digilent/210183A283B6A
set_property PROGRAM.FILE {D:/Users/178633/Desktop/maquinaExpendedora_v1/maquinaExpendedora_v1.runs/impl_1/main.bit} [get_hw_devices xc7a35t_0]
current_hw_device [get_hw_devices xc7a35t_0]
refresh_hw_device -update_hw_probes false [lindex [get_hw_devices xc7a35t_0] 0]
INFO: [Labtools 27-1435] Device xc7a35t (JTAG device index = 0) is not programmed (DONE status = 0).
set_property PROBES.FILE {} [get_hw_devices xc7a35t_0]
set_property FULL_PROBES.FILE {} [get_hw_devices xc7a35t_0]
set_property PROGRAM.FILE {D:/Users/178633/Desktop/maquinaExpendedora_v1/maquinaExpendedora_v1.runs/impl_1/main.bit} [get_hw_devices xc7a35t_0]
program_hw_devices [get_hw_devices xc7a35t_0]
INFO: [Labtools 27-3164] End of startup status: HIGH
refresh_hw_device [lindex [get_hw_devices xc7a35t_0] 0]
INFO: [Labtools 27-1434] Device xc7a35t (JTAG device index = 0) is programmed with a design that has no supported debug core(s) in it.
ERROR: [Labtoolstcl 44-513] HW Target shutdown. Closing target: localhost:3121/xilinx_tcf/Digilent/210183A283B6A
INFO: [Labtoolstcl 44-466] Opening hw_target localhost:3121/xilinx_tcf/Digilent/210183A283B6A
INFO: [Labtools 27-1435] Device xc7a35t (JTAG device index = 0) is not programmed (DONE status = 0).
WARNING: [Labtoolstcl 44-129] No matching hw_ila_data was found.
close_hw_manager
close [ open D:/Users/178633/Desktop/maquinaExpendedora_v1/maquinaExpendedora_v1.srcs/sources_1/new/bcd7seg_dec.vhd w ]
add_files D:/Users/178633/Desktop/maquinaExpendedora_v1/maquinaExpendedora_v1.srcs/sources_1/new/bcd7seg_dec.vhd
update_compile_order -fileset sources_1
reset_run synth_1
INFO: [Project 1-1161] Replacing file D:/Users/178633/Desktop/maquinaExpendedora_v1/maquinaExpendedora_v1.srcs/utils_1/imports/synth_1/main.dcp with file D:/Users/178633/Desktop/maquinaExpendedora_v1/maquinaExpendedora_v1.runs/synth_1/main.dcp
launch_runs synth_1 -jobs 8
[Thu Nov 16 18:37:50 2023] Launched synth_1...
Run output will be captured here: D:/Users/178633/Desktop/maquinaExpendedora_v1/maquinaExpendedora_v1.runs/synth_1/runme.log
launch_runs impl_1 -jobs 8
[Thu Nov 16 18:39:06 2023] Launched impl_1...
Run output will be captured here: D:/Users/178633/Desktop/maquinaExpendedora_v1/maquinaExpendedora_v1.runs/impl_1/runme.log
launch_runs impl_1 -to_step write_bitstream -jobs 8
[Thu Nov 16 18:40:14 2023] Launched impl_1...
Run output will be captured here: D:/Users/178633/Desktop/maquinaExpendedora_v1/maquinaExpendedora_v1.runs/impl_1/runme.log
open_hw_manager
connect_hw_server -allow_non_jtag
INFO: [Labtools 27-2285] Connecting to hw_server url TCP:localhost:3121
INFO: [Labtools 27-2222] Launching hw_server...
INFO: [Labtools 27-2221] Launch Output:

****** Xilinx hw_server v2022.1
  **** Build date : Apr 18 2022 at 16:02:36
    ** Copyright 1986-2022 Xilinx, Inc. All Rights Reserved.


INFO: [Labtools 27-3415] Connecting to cs_server url TCP:localhost:3042
INFO: [Labtools 27-3417] Launching cs_server...
INFO: [Labtools 27-2221] Launch Output:


******** Xilinx cs_server v2022.1.0
  ****** Build date   : Apr 12 2022-13:12:08
    **** Build number : 2022.1.1649790728
      ** Copyright 2017-2023 Xilinx, Inc. All Rights Reserved.



connect_hw_server: Time (s): cpu = 00:00:00 ; elapsed = 00:00:09 . Memory (MB): peak = 4046.637 ; gain = 0.000
open_hw_target
INFO: [Labtoolstcl 44-466] Opening hw_target localhost:3121/xilinx_tcf/Digilent/210183A283B6A
set_property PROGRAM.FILE {D:/Users/178633/Desktop/maquinaExpendedora_v1/maquinaExpendedora_v1.runs/impl_1/main.bit} [get_hw_devices xc7a35t_0]
current_hw_device [get_hw_devices xc7a35t_0]
refresh_hw_device -update_hw_probes false [lindex [get_hw_devices xc7a35t_0] 0]
INFO: [Labtools 27-1435] Device xc7a35t (JTAG device index = 0) is not programmed (DONE status = 0).
set_property PROBES.FILE {} [get_hw_devices xc7a35t_0]
set_property FULL_PROBES.FILE {} [get_hw_devices xc7a35t_0]
set_property PROGRAM.FILE {D:/Users/178633/Desktop/maquinaExpendedora_v1/maquinaExpendedora_v1.runs/impl_1/main.bit} [get_hw_devices xc7a35t_0]
program_hw_devices [get_hw_devices xc7a35t_0]
INFO: [Labtools 27-3164] End of startup status: HIGH
refresh_hw_device [lindex [get_hw_devices xc7a35t_0] 0]
INFO: [Labtools 27-1434] Device xc7a35t (JTAG device index = 0) is programmed with a design that has no supported debug core(s) in it.
close_hw_manager
close [ open D:/Users/178633/Desktop/maquinaExpendedora_v1/maquinaExpendedora_v1.srcs/sources_1/new/divNum_Uni_Dec.vhd w ]
add_files D:/Users/178633/Desktop/maquinaExpendedora_v1/maquinaExpendedora_v1.srcs/sources_1/new/divNum_Uni_Dec.vhd
update_compile_order -fileset sources_1
update_compile_order -fileset sources_1
reset_run synth_1
INFO: [Project 1-1161] Replacing file D:/Users/178633/Desktop/maquinaExpendedora_v1/maquinaExpendedora_v1.srcs/utils_1/imports/synth_1/main.dcp with file D:/Users/178633/Desktop/maquinaExpendedora_v1/maquinaExpendedora_v1.runs/synth_1/main.dcp
launch_runs synth_1 -jobs 8
[Thu Nov 16 18:57:17 2023] Launched synth_1...
Run output will be captured here: D:/Users/178633/Desktop/maquinaExpendedora_v1/maquinaExpendedora_v1.runs/synth_1/runme.log
reset_run synth_1
launch_runs synth_1 -jobs 8
[Thu Nov 16 18:58:13 2023] Launched synth_1...
Run output will be captured here: D:/Users/178633/Desktop/maquinaExpendedora_v1/maquinaExpendedora_v1.runs/synth_1/runme.log
reset_run synth_1
launch_runs synth_1 -jobs 8
[Thu Nov 16 18:59:00 2023] Launched synth_1...
Run output will be captured here: D:/Users/178633/Desktop/maquinaExpendedora_v1/maquinaExpendedora_v1.runs/synth_1/runme.log
launch_runs impl_1 -jobs 8
[Thu Nov 16 18:59:48 2023] Launched impl_1...
Run output will be captured here: D:/Users/178633/Desktop/maquinaExpendedora_v1/maquinaExpendedora_v1.runs/impl_1/runme.log
launch_runs impl_1 -to_step write_bitstream -jobs 8
[Thu Nov 16 19:00:58 2023] Launched impl_1...
Run output will be captured here: D:/Users/178633/Desktop/maquinaExpendedora_v1/maquinaExpendedora_v1.runs/impl_1/runme.log
open_hw_manager
connect_hw_server -allow_non_jtag
INFO: [Labtools 27-2285] Connecting to hw_server url TCP:localhost:3121
INFO: [Labtools 27-2222] Launching hw_server...
INFO: [Labtools 27-2221] Launch Output:

****** Xilinx hw_server v2022.1
  **** Build date : Apr 18 2022 at 16:02:36
    ** Copyright 1986-2022 Xilinx, Inc. All Rights Reserved.


INFO: [Labtools 27-3415] Connecting to cs_server url TCP:localhost:3042
INFO: [Labtools 27-3417] Launching cs_server...
INFO: [Labtools 27-2221] Launch Output:


******** Xilinx cs_server v2022.1.0
  ****** Build date   : Apr 12 2022-13:12:08
    **** Build number : 2022.1.1649790728
      ** Copyright 2017-2023 Xilinx, Inc. All Rights Reserved.



connect_hw_server: Time (s): cpu = 00:00:00 ; elapsed = 00:00:09 . Memory (MB): peak = 4046.637 ; gain = 0.000
open_hw_target
INFO: [Labtoolstcl 44-466] Opening hw_target localhost:3121/xilinx_tcf/Digilent/210183A283B6A
set_property PROGRAM.FILE {D:/Users/178633/Desktop/maquinaExpendedora_v1/maquinaExpendedora_v1.runs/impl_1/main.bit} [get_hw_devices xc7a35t_0]
current_hw_device [get_hw_devices xc7a35t_0]
refresh_hw_device -update_hw_probes false [lindex [get_hw_devices xc7a35t_0] 0]
INFO: [Labtools 27-1435] Device xc7a35t (JTAG device index = 0) is not programmed (DONE status = 0).
set_property PROBES.FILE {} [get_hw_devices xc7a35t_0]
set_property FULL_PROBES.FILE {} [get_hw_devices xc7a35t_0]
set_property PROGRAM.FILE {D:/Users/178633/Desktop/maquinaExpendedora_v1/maquinaExpendedora_v1.runs/impl_1/main.bit} [get_hw_devices xc7a35t_0]
program_hw_devices [get_hw_devices xc7a35t_0]
INFO: [Labtools 27-3164] End of startup status: HIGH
refresh_hw_device [lindex [get_hw_devices xc7a35t_0] 0]
INFO: [Labtools 27-1434] Device xc7a35t (JTAG device index = 0) is programmed with a design that has no supported debug core(s) in it.
close_hw_manager
reset_run synth_1
INFO: [Project 1-1161] Replacing file D:/Users/178633/Desktop/maquinaExpendedora_v1/maquinaExpendedora_v1.srcs/utils_1/imports/synth_1/main.dcp with file D:/Users/178633/Desktop/maquinaExpendedora_v1/maquinaExpendedora_v1.runs/synth_1/main.dcp
launch_runs synth_1 -jobs 8
[Thu Nov 16 19:04:32 2023] Launched synth_1...
Run output will be captured here: D:/Users/178633/Desktop/maquinaExpendedora_v1/maquinaExpendedora_v1.runs/synth_1/runme.log
launch_runs impl_1 -jobs 8
[Thu Nov 16 19:05:19 2023] Launched impl_1...
Run output will be captured here: D:/Users/178633/Desktop/maquinaExpendedora_v1/maquinaExpendedora_v1.runs/impl_1/runme.log
launch_runs impl_1 -to_step write_bitstream -jobs 8
[Thu Nov 16 19:06:44 2023] Launched impl_1...
Run output will be captured here: D:/Users/178633/Desktop/maquinaExpendedora_v1/maquinaExpendedora_v1.runs/impl_1/runme.log
open_hw_manager
connect_hw_server -allow_non_jtag
INFO: [Labtools 27-2285] Connecting to hw_server url TCP:localhost:3121
INFO: [Labtools 27-2222] Launching hw_server...
INFO: [Labtools 27-2221] Launch Output:

****** Xilinx hw_server v2022.1
  **** Build date : Apr 18 2022 at 16:02:36
    ** Copyright 1986-2022 Xilinx, Inc. All Rights Reserved.


INFO: [Labtools 27-3415] Connecting to cs_server url TCP:localhost:3042
INFO: [Labtools 27-3417] Launching cs_server...
INFO: [Labtools 27-2221] Launch Output:


******** Xilinx cs_server v2022.1.0
  ****** Build date   : Apr 12 2022-13:12:08
    **** Build number : 2022.1.1649790728
      ** Copyright 2017-2023 Xilinx, Inc. All Rights Reserved.



connect_hw_server: Time (s): cpu = 00:00:00 ; elapsed = 00:00:09 . Memory (MB): peak = 4054.637 ; gain = 0.000
open_hw_target
INFO: [Labtoolstcl 44-466] Opening hw_target localhost:3121/xilinx_tcf/Digilent/210183A283B6A
set_property PROGRAM.FILE {D:/Users/178633/Desktop/maquinaExpendedora_v1/maquinaExpendedora_v1.runs/impl_1/main.bit} [get_hw_devices xc7a35t_0]
current_hw_device [get_hw_devices xc7a35t_0]
refresh_hw_device -update_hw_probes false [lindex [get_hw_devices xc7a35t_0] 0]
INFO: [Labtools 27-1435] Device xc7a35t (JTAG device index = 0) is not programmed (DONE status = 0).
set_property PROBES.FILE {} [get_hw_devices xc7a35t_0]
set_property FULL_PROBES.FILE {} [get_hw_devices xc7a35t_0]
set_property PROGRAM.FILE {D:/Users/178633/Desktop/maquinaExpendedora_v1/maquinaExpendedora_v1.runs/impl_1/main.bit} [get_hw_devices xc7a35t_0]
program_hw_devices [get_hw_devices xc7a35t_0]
INFO: [Labtools 27-3164] End of startup status: HIGH
refresh_hw_device [lindex [get_hw_devices xc7a35t_0] 0]
INFO: [Labtools 27-1434] Device xc7a35t (JTAG device index = 0) is programmed with a design that has no supported debug core(s) in it.
reset_run synth_1
INFO: [Project 1-1161] Replacing file D:/Users/178633/Desktop/maquinaExpendedora_v1/maquinaExpendedora_v1.srcs/utils_1/imports/synth_1/main.dcp with file D:/Users/178633/Desktop/maquinaExpendedora_v1/maquinaExpendedora_v1.runs/synth_1/main.dcp
launch_runs synth_1 -jobs 8
[Thu Nov 16 19:11:53 2023] Launched synth_1...
Run output will be captured here: D:/Users/178633/Desktop/maquinaExpendedora_v1/maquinaExpendedora_v1.runs/synth_1/runme.log
launch_runs impl_1 -jobs 8
[Thu Nov 16 19:12:46 2023] Launched impl_1...
Run output will be captured here: D:/Users/178633/Desktop/maquinaExpendedora_v1/maquinaExpendedora_v1.runs/impl_1/runme.log
launch_runs impl_1 -to_step write_bitstream -jobs 8
[Thu Nov 16 19:13:53 2023] Launched impl_1...
Run output will be captured here: D:/Users/178633/Desktop/maquinaExpendedora_v1/maquinaExpendedora_v1.runs/impl_1/runme.log
close_hw_manager
open_hw_manager
connect_hw_server -allow_non_jtag
INFO: [Labtools 27-2285] Connecting to hw_server url TCP:localhost:3121
INFO: [Labtools 27-3415] Connecting to cs_server url TCP:localhost:3042
INFO: [Labtools 27-3414] Connected to existing cs_server.
open_hw_target
INFO: [Labtoolstcl 44-466] Opening hw_target localhost:3121/xilinx_tcf/Digilent/210183A283B6A
set_property PROGRAM.FILE {D:/Users/178633/Desktop/maquinaExpendedora_v1/maquinaExpendedora_v1.runs/impl_1/main.bit} [get_hw_devices xc7a35t_0]
current_hw_device [get_hw_devices xc7a35t_0]
refresh_hw_device -update_hw_probes false [lindex [get_hw_devices xc7a35t_0] 0]
INFO: [Labtools 27-1435] Device xc7a35t (JTAG device index = 0) is not programmed (DONE status = 0).
set_property PROBES.FILE {} [get_hw_devices xc7a35t_0]
set_property FULL_PROBES.FILE {} [get_hw_devices xc7a35t_0]
set_property PROGRAM.FILE {D:/Users/178633/Desktop/maquinaExpendedora_v1/maquinaExpendedora_v1.runs/impl_1/main.bit} [get_hw_devices xc7a35t_0]
program_hw_devices [get_hw_devices xc7a35t_0]
INFO: [Labtools 27-3164] End of startup status: HIGH
refresh_hw_device [lindex [get_hw_devices xc7a35t_0] 0]
INFO: [Labtools 27-1434] Device xc7a35t (JTAG device index = 0) is programmed with a design that has no supported debug core(s) in it.
close_hw_manager
reset_run synth_1
INFO: [Project 1-1161] Replacing file D:/Users/178633/Desktop/maquinaExpendedora_v1/maquinaExpendedora_v1.srcs/utils_1/imports/synth_1/main.dcp with file D:/Users/178633/Desktop/maquinaExpendedora_v1/maquinaExpendedora_v1.runs/synth_1/main.dcp
launch_runs synth_1 -jobs 8
[Thu Nov 16 19:18:03 2023] Launched synth_1...
Run output will be captured here: D:/Users/178633/Desktop/maquinaExpendedora_v1/maquinaExpendedora_v1.runs/synth_1/runme.log
launch_runs impl_1 -jobs 8
[Thu Nov 16 19:18:58 2023] Launched impl_1...
Run output will be captured here: D:/Users/178633/Desktop/maquinaExpendedora_v1/maquinaExpendedora_v1.runs/impl_1/runme.log
launch_runs impl_1 -to_step write_bitstream -jobs 8
[Thu Nov 16 19:20:28 2023] Launched impl_1...
Run output will be captured here: D:/Users/178633/Desktop/maquinaExpendedora_v1/maquinaExpendedora_v1.runs/impl_1/runme.log
open_hw_manager
connect_hw_server -allow_non_jtag
INFO: [Labtools 27-2285] Connecting to hw_server url TCP:localhost:3121
INFO: [Labtools 27-2222] Launching hw_server...
INFO: [Labtools 27-2221] Launch Output:

****** Xilinx hw_server v2022.1
  **** Build date : Apr 18 2022 at 16:02:36
    ** Copyright 1986-2022 Xilinx, Inc. All Rights Reserved.


INFO: [Labtools 27-3415] Connecting to cs_server url TCP:localhost:3042
INFO: [Labtools 27-3417] Launching cs_server...
INFO: [Labtools 27-2221] Launch Output:


******** Xilinx cs_server v2022.1.0
  ****** Build date   : Apr 12 2022-13:12:08
    **** Build number : 2022.1.1649790728
      ** Copyright 2017-2023 Xilinx, Inc. All Rights Reserved.



connect_hw_server: Time (s): cpu = 00:00:00 ; elapsed = 00:00:09 . Memory (MB): peak = 4059.293 ; gain = 0.000
open_hw_target
INFO: [Labtoolstcl 44-466] Opening hw_target localhost:3121/xilinx_tcf/Digilent/210183A283B6A
set_property PROGRAM.FILE {D:/Users/178633/Desktop/maquinaExpendedora_v1/maquinaExpendedora_v1.runs/impl_1/main.bit} [get_hw_devices xc7a35t_0]
current_hw_device [get_hw_devices xc7a35t_0]
refresh_hw_device -update_hw_probes false [lindex [get_hw_devices xc7a35t_0] 0]
INFO: [Labtools 27-1435] Device xc7a35t (JTAG device index = 0) is not programmed (DONE status = 0).
set_property PROBES.FILE {} [get_hw_devices xc7a35t_0]
set_property FULL_PROBES.FILE {} [get_hw_devices xc7a35t_0]
set_property PROGRAM.FILE {D:/Users/178633/Desktop/maquinaExpendedora_v1/maquinaExpendedora_v1.runs/impl_1/main.bit} [get_hw_devices xc7a35t_0]
program_hw_devices [get_hw_devices xc7a35t_0]
INFO: [Labtools 27-3164] End of startup status: HIGH
refresh_hw_device [lindex [get_hw_devices xc7a35t_0] 0]
INFO: [Labtools 27-1434] Device xc7a35t (JTAG device index = 0) is programmed with a design that has no supported debug core(s) in it.
ERROR: [Labtoolstcl 44-513] HW Target shutdown. Closing target: localhost:3121/xilinx_tcf/Digilent/210183A283B6A
INFO: [Labtoolstcl 44-466] Opening hw_target localhost:3121/xilinx_tcf/Digilent/210183A283B6A
INFO: [Labtools 27-1434] Device xc7a35t (JTAG device index = 0) is programmed with a design that has no supported debug core(s) in it.
WARNING: [Labtoolstcl 44-129] No matching hw_ila_data was found.
reset_run synth_1
INFO: [Project 1-1161] Replacing file D:/Users/178633/Desktop/maquinaExpendedora_v1/maquinaExpendedora_v1.srcs/utils_1/imports/synth_1/main.dcp with file D:/Users/178633/Desktop/maquinaExpendedora_v1/maquinaExpendedora_v1.runs/synth_1/main.dcp
launch_runs synth_1 -jobs 8
[Thu Nov 16 19:25:53 2023] Launched synth_1...
Run output will be captured here: D:/Users/178633/Desktop/maquinaExpendedora_v1/maquinaExpendedora_v1.runs/synth_1/runme.log
close_hw_manager
launch_runs impl_1 -jobs 8
[Thu Nov 16 19:26:57 2023] Launched impl_1...
Run output will be captured here: D:/Users/178633/Desktop/maquinaExpendedora_v1/maquinaExpendedora_v1.runs/impl_1/runme.log
launch_runs impl_1 -to_step write_bitstream -jobs 8
[Thu Nov 16 19:28:10 2023] Launched impl_1...
Run output will be captured here: D:/Users/178633/Desktop/maquinaExpendedora_v1/maquinaExpendedora_v1.runs/impl_1/runme.log
open_hw_manager
connect_hw_server -allow_non_jtag
INFO: [Labtools 27-2285] Connecting to hw_server url TCP:localhost:3121
INFO: [Labtools 27-2222] Launching hw_server...
INFO: [Labtools 27-2221] Launch Output:

****** Xilinx hw_server v2022.1
  **** Build date : Apr 18 2022 at 16:02:36
    ** Copyright 1986-2022 Xilinx, Inc. All Rights Reserved.


INFO: [Labtools 27-3415] Connecting to cs_server url TCP:localhost:3042
INFO: [Labtools 27-3417] Launching cs_server...
INFO: [Labtools 27-2221] Launch Output:


******** Xilinx cs_server v2022.1.0
  ****** Build date   : Apr 12 2022-13:12:08
    **** Build number : 2022.1.1649790728
      ** Copyright 2017-2023 Xilinx, Inc. All Rights Reserved.



connect_hw_server: Time (s): cpu = 00:00:01 ; elapsed = 00:00:09 . Memory (MB): peak = 4059.293 ; gain = 0.000
open_hw_target
INFO: [Labtoolstcl 44-466] Opening hw_target localhost:3121/xilinx_tcf/Digilent/210183A283B6A
set_property PROGRAM.FILE {D:/Users/178633/Desktop/maquinaExpendedora_v1/maquinaExpendedora_v1.runs/impl_1/main.bit} [get_hw_devices xc7a35t_0]
current_hw_device [get_hw_devices xc7a35t_0]
refresh_hw_device -update_hw_probes false [lindex [get_hw_devices xc7a35t_0] 0]
INFO: [Labtools 27-1435] Device xc7a35t (JTAG device index = 0) is not programmed (DONE status = 0).
set_property PROBES.FILE {} [get_hw_devices xc7a35t_0]
set_property FULL_PROBES.FILE {} [get_hw_devices xc7a35t_0]
set_property PROGRAM.FILE {D:/Users/178633/Desktop/maquinaExpendedora_v1/maquinaExpendedora_v1.runs/impl_1/main.bit} [get_hw_devices xc7a35t_0]
program_hw_devices [get_hw_devices xc7a35t_0]
INFO: [Labtools 27-3164] End of startup status: HIGH
refresh_hw_device [lindex [get_hw_devices xc7a35t_0] 0]
INFO: [Labtools 27-1434] Device xc7a35t (JTAG device index = 0) is programmed with a design that has no supported debug core(s) in it.
close_hw_manager
reset_run synth_1
INFO: [Project 1-1161] Replacing file D:/Users/178633/Desktop/maquinaExpendedora_v1/maquinaExpendedora_v1.srcs/utils_1/imports/synth_1/main.dcp with file D:/Users/178633/Desktop/maquinaExpendedora_v1/maquinaExpendedora_v1.runs/synth_1/main.dcp
launch_runs synth_1 -jobs 8
[Thu Nov 16 19:36:35 2023] Launched synth_1...
Run output will be captured here: D:/Users/178633/Desktop/maquinaExpendedora_v1/maquinaExpendedora_v1.runs/synth_1/runme.log
launch_runs impl_1 -jobs 8
[Thu Nov 16 19:37:23 2023] Launched impl_1...
Run output will be captured here: D:/Users/178633/Desktop/maquinaExpendedora_v1/maquinaExpendedora_v1.runs/impl_1/runme.log
launch_runs impl_1 -to_step write_bitstream -jobs 8
[Thu Nov 16 19:38:28 2023] Launched impl_1...
Run output will be captured here: D:/Users/178633/Desktop/maquinaExpendedora_v1/maquinaExpendedora_v1.runs/impl_1/runme.log
open_hw_manager
connect_hw_server -allow_non_jtag
INFO: [Labtools 27-2285] Connecting to hw_server url TCP:localhost:3121
INFO: [Labtools 27-2222] Launching hw_server...
INFO: [Labtools 27-2221] Launch Output:

****** Xilinx hw_server v2022.1
  **** Build date : Apr 18 2022 at 16:02:36
    ** Copyright 1986-2022 Xilinx, Inc. All Rights Reserved.


INFO: [Labtools 27-3415] Connecting to cs_server url TCP:localhost:3042
INFO: [Labtools 27-3417] Launching cs_server...
INFO: [Labtools 27-2221] Launch Output:


******** Xilinx cs_server v2022.1.0
  ****** Build date   : Apr 12 2022-13:12:08
    **** Build number : 2022.1.1649790728
      ** Copyright 2017-2023 Xilinx, Inc. All Rights Reserved.



connect_hw_server: Time (s): cpu = 00:00:00 ; elapsed = 00:00:09 . Memory (MB): peak = 4059.293 ; gain = 0.000
open_hw_target
INFO: [Labtoolstcl 44-466] Opening hw_target localhost:3121/xilinx_tcf/Digilent/210183A283B6A
set_property PROGRAM.FILE {D:/Users/178633/Desktop/maquinaExpendedora_v1/maquinaExpendedora_v1.runs/impl_1/main.bit} [get_hw_devices xc7a35t_0]
current_hw_device [get_hw_devices xc7a35t_0]
refresh_hw_device -update_hw_probes false [lindex [get_hw_devices xc7a35t_0] 0]
INFO: [Labtools 27-1434] Device xc7a35t (JTAG device index = 0) is programmed with a design that has no supported debug core(s) in it.
set_property PROBES.FILE {} [get_hw_devices xc7a35t_0]
set_property FULL_PROBES.FILE {} [get_hw_devices xc7a35t_0]
set_property PROGRAM.FILE {D:/Users/178633/Desktop/maquinaExpendedora_v1/maquinaExpendedora_v1.runs/impl_1/main.bit} [get_hw_devices xc7a35t_0]
program_hw_devices [get_hw_devices xc7a35t_0]
ERROR: [Labtools 27-3165] End of startup status: LOW
ERROR: [Common 17-39] 'program_hw_devices' failed due to earlier errors.
set_property PROBES.FILE {} [get_hw_devices xc7a35t_0]
set_property FULL_PROBES.FILE {} [get_hw_devices xc7a35t_0]
set_property PROGRAM.FILE {D:/Users/178633/Desktop/maquinaExpendedora_v1/maquinaExpendedora_v1.runs/impl_1/main.bit} [get_hw_devices xc7a35t_0]
program_hw_devices [get_hw_devices xc7a35t_0]
INFO: [Labtools 27-3164] End of startup status: HIGH
refresh_hw_device [lindex [get_hw_devices xc7a35t_0] 0]
INFO: [Labtools 27-1434] Device xc7a35t (JTAG device index = 0) is programmed with a design that has no supported debug core(s) in it.
reset_run synth_1
INFO: [Project 1-1161] Replacing file D:/Users/178633/Desktop/maquinaExpendedora_v1/maquinaExpendedora_v1.srcs/utils_1/imports/synth_1/main.dcp with file D:/Users/178633/Desktop/maquinaExpendedora_v1/maquinaExpendedora_v1.runs/synth_1/main.dcp
launch_runs synth_1 -jobs 8
[Thu Nov 16 19:45:01 2023] Launched synth_1...
Run output will be captured here: D:/Users/178633/Desktop/maquinaExpendedora_v1/maquinaExpendedora_v1.runs/synth_1/runme.log
close_hw_manager
reset_run synth_1
launch_runs synth_1 -jobs 8
[Thu Nov 16 19:46:11 2023] Launched synth_1...
Run output will be captured here: D:/Users/178633/Desktop/maquinaExpendedora_v1/maquinaExpendedora_v1.runs/synth_1/runme.log
launch_runs impl_1 -jobs 8
[Thu Nov 16 19:47:00 2023] Launched impl_1...
Run output will be captured here: D:/Users/178633/Desktop/maquinaExpendedora_v1/maquinaExpendedora_v1.runs/impl_1/runme.log
launch_runs impl_1 -to_step write_bitstream -jobs 8
[Thu Nov 16 19:48:10 2023] Launched impl_1...
Run output will be captured here: D:/Users/178633/Desktop/maquinaExpendedora_v1/maquinaExpendedora_v1.runs/impl_1/runme.log
open_hw_manager
connect_hw_server -allow_non_jtag
INFO: [Labtools 27-2285] Connecting to hw_server url TCP:localhost:3121
INFO: [Labtools 27-2222] Launching hw_server...
INFO: [Labtools 27-2221] Launch Output:

****** Xilinx hw_server v2022.1
  **** Build date : Apr 18 2022 at 16:02:36
    ** Copyright 1986-2022 Xilinx, Inc. All Rights Reserved.


INFO: [Labtools 27-3415] Connecting to cs_server url TCP:localhost:3042
INFO: [Labtools 27-3417] Launching cs_server...
INFO: [Labtools 27-2221] Launch Output:


******** Xilinx cs_server v2022.1.0
  ****** Build date   : Apr 12 2022-13:12:08
    **** Build number : 2022.1.1649790728
      ** Copyright 2017-2023 Xilinx, Inc. All Rights Reserved.



connect_hw_server: Time (s): cpu = 00:00:01 ; elapsed = 00:00:09 . Memory (MB): peak = 4062.902 ; gain = 0.000
open_hw_target
INFO: [Labtoolstcl 44-466] Opening hw_target localhost:3121/xilinx_tcf/Digilent/210183A283B6A
set_property PROGRAM.FILE {D:/Users/178633/Desktop/maquinaExpendedora_v1/maquinaExpendedora_v1.runs/impl_1/main.bit} [get_hw_devices xc7a35t_0]
current_hw_device [get_hw_devices xc7a35t_0]
refresh_hw_device -update_hw_probes false [lindex [get_hw_devices xc7a35t_0] 0]
INFO: [Labtools 27-1435] Device xc7a35t (JTAG device index = 0) is not programmed (DONE status = 0).
set_property PROBES.FILE {} [get_hw_devices xc7a35t_0]
set_property FULL_PROBES.FILE {} [get_hw_devices xc7a35t_0]
set_property PROGRAM.FILE {D:/Users/178633/Desktop/maquinaExpendedora_v1/maquinaExpendedora_v1.runs/impl_1/main.bit} [get_hw_devices xc7a35t_0]
program_hw_devices [get_hw_devices xc7a35t_0]
INFO: [Labtools 27-3164] End of startup status: HIGH
refresh_hw_device [lindex [get_hw_devices xc7a35t_0] 0]
INFO: [Labtools 27-1434] Device xc7a35t (JTAG device index = 0) is programmed with a design that has no supported debug core(s) in it.
close_hw_manager
reset_run synth_1
INFO: [Project 1-1161] Replacing file D:/Users/178633/Desktop/maquinaExpendedora_v1/maquinaExpendedora_v1.srcs/utils_1/imports/synth_1/main.dcp with file D:/Users/178633/Desktop/maquinaExpendedora_v1/maquinaExpendedora_v1.runs/synth_1/main.dcp
launch_runs synth_1 -jobs 8
[Thu Nov 16 19:52:17 2023] Launched synth_1...
Run output will be captured here: D:/Users/178633/Desktop/maquinaExpendedora_v1/maquinaExpendedora_v1.runs/synth_1/runme.log
reset_run synth_1
WARNING: [Vivado 12-1017] Problems encountered:
1. Failed to delete one or more files in run directory D:/Users/178633/Desktop/maquinaExpendedora_v1/maquinaExpendedora_v1.runs/synth_1

launch_runs synth_1 -jobs 8
[Thu Nov 16 19:52:44 2023] Launched synth_1...
Run output will be captured here: D:/Users/178633/Desktop/maquinaExpendedora_v1/maquinaExpendedora_v1.runs/synth_1/runme.log
launch_runs impl_1 -jobs 8
[Thu Nov 16 19:53:50 2023] Launched impl_1...
Run output will be captured here: D:/Users/178633/Desktop/maquinaExpendedora_v1/maquinaExpendedora_v1.runs/impl_1/runme.log
launch_runs impl_1 -to_step write_bitstream -jobs 8
[Thu Nov 16 19:55:05 2023] Launched impl_1...
Run output will be captured here: D:/Users/178633/Desktop/maquinaExpendedora_v1/maquinaExpendedora_v1.runs/impl_1/runme.log
open_hw_manager
connect_hw_server -allow_non_jtag
INFO: [Labtools 27-2285] Connecting to hw_server url TCP:localhost:3121
INFO: [Labtools 27-2222] Launching hw_server...
INFO: [Labtools 27-2221] Launch Output:

****** Xilinx hw_server v2022.1
  **** Build date : Apr 18 2022 at 16:02:36
    ** Copyright 1986-2022 Xilinx, Inc. All Rights Reserved.


INFO: [Labtools 27-3415] Connecting to cs_server url TCP:localhost:3042
INFO: [Labtools 27-3417] Launching cs_server...
INFO: [Labtools 27-2221] Launch Output:


******** Xilinx cs_server v2022.1.0
  ****** Build date   : Apr 12 2022-13:12:08
    **** Build number : 2022.1.1649790728
      ** Copyright 2017-2023 Xilinx, Inc. All Rights Reserved.



connect_hw_server: Time (s): cpu = 00:00:00 ; elapsed = 00:00:09 . Memory (MB): peak = 4062.902 ; gain = 0.000
open_hw_target
INFO: [Labtoolstcl 44-466] Opening hw_target localhost:3121/xilinx_tcf/Digilent/210183A283B6A
set_property PROGRAM.FILE {D:/Users/178633/Desktop/maquinaExpendedora_v1/maquinaExpendedora_v1.runs/impl_1/main.bit} [get_hw_devices xc7a35t_0]
current_hw_device [get_hw_devices xc7a35t_0]
refresh_hw_device -update_hw_probes false [lindex [get_hw_devices xc7a35t_0] 0]
INFO: [Labtools 27-1435] Device xc7a35t (JTAG device index = 0) is not programmed (DONE status = 0).
set_property PROBES.FILE {} [get_hw_devices xc7a35t_0]
set_property FULL_PROBES.FILE {} [get_hw_devices xc7a35t_0]
set_property PROGRAM.FILE {D:/Users/178633/Desktop/maquinaExpendedora_v1/maquinaExpendedora_v1.runs/impl_1/main.bit} [get_hw_devices xc7a35t_0]
program_hw_devices [get_hw_devices xc7a35t_0]
INFO: [Labtools 27-3164] End of startup status: HIGH
refresh_hw_device [lindex [get_hw_devices xc7a35t_0] 0]
INFO: [Labtools 27-1434] Device xc7a35t (JTAG device index = 0) is programmed with a design that has no supported debug core(s) in it.
exit
INFO: [Common 17-206] Exiting Vivado at Thu Nov 16 19:58:11 2023...
